[0.187s] Invoking command in 'S:\Dev\fonbot_ws\src\fonbot_package\build\fonbot_package': CMAKE_PREFIX_PATH=%CMAKE_PREFIX_PATH%;S:\Dev\fonbot_ws\install\joint_state_publisher_gui;S:\Dev\fonbot_ws\install\joint_state_publisher;S:\Dev\miniforge\envs\ros_env\Library CONDA_PROMPT_MODIFIER=(ros_env) S:\Dev\miniforge\envs\ros_env\Library\bin\cmake.EXE S:\Dev\fonbot_ws\src\fonbot_package -DCMAKE_INSTALL_PREFIX=S:\Dev\fonbot_ws\src\fonbot_package\install\fonbot_package -G Visual Studio 17 2022
[0.484s] -- Selecting Windows SDK version 10.0.22000.0 to target Windows 10.0.18363.
[4.765s] -- The C compiler identification is MSVC 19.36.32537.0
[6.734s] -- The CXX compiler identification is MSVC 19.36.32537.0
[6.843s] -- Detecting C compiler ABI info
[8.906s] -- Detecting C compiler ABI info - done
[8.953s] -- Check for working C compiler: S:/Program files/Microsoft Visual Studio/2022/Community/VC/Tools/MSVC/14.36.32532/bin/Hostx64/x64/cl.exe - skipped
[8.953s] -- Detecting C compile features
[8.953s] -- Detecting C compile features - done
[8.984s] -- Detecting CXX compiler ABI info
[10.968s] -- Detecting CXX compiler ABI info - done
[11.015s] -- Check for working CXX compiler: S:/Program files/Microsoft Visual Studio/2022/Community/VC/Tools/MSVC/14.36.32532/bin/Hostx64/x64/cl.exe - skipped
[11.015s] -- Detecting CXX compile features
[11.015s] -- Detecting CXX compile features - done
[11.062s] -- Found ament_cmake: 1.3.3 (S:/Dev/miniforge/envs/ros_env/Library/share/ament_cmake/cmake)
[20.828s] -- Found Python3: S:/Dev/miniforge/envs/ros_env/python.exe (found version "3.10.12") found components: Interpreter 
[21.546s] -- Found ament_lint_auto: 0.12.5 (S:/Dev/miniforge/envs/ros_env/Library/share/ament_lint_auto/cmake)
[22.187s] -- Added test 'cppcheck' to perform static code analysis on C / C++ code
[22.187s] -- Configured cppcheck include dirs: 
[22.187s] -- Configured cppcheck exclude dirs and/or files: 
[22.203s] -- Added test 'flake8' to check Python code syntax and style conventions
[22.218s] -- Added test 'lint_cmake' to check CMake code style
[22.234s] -- Added test 'pep257' to check Python code against some of the docstring style conventions in PEP 257
[22.296s] -- Added test 'uncrustify' to check C / C++ code style
[22.296s] -- Configured uncrustify additional arguments: 
[22.296s] -- Added test 'xmllint' to check XML markup files
[22.328s] -- Configuring done (21.9s)
[22.515s] -- Generating done (0.2s)
[22.578s] -- Build files have been written to: S:/Dev/fonbot_ws/src/fonbot_package/build/fonbot_package
[22.609s] Invoked command in 'S:\Dev\fonbot_ws\src\fonbot_package\build\fonbot_package' returned '0': CMAKE_PREFIX_PATH=%CMAKE_PREFIX_PATH%;S:\Dev\fonbot_ws\install\joint_state_publisher_gui;S:\Dev\fonbot_ws\install\joint_state_publisher;S:\Dev\miniforge\envs\ros_env\Library CONDA_PROMPT_MODIFIER=(ros_env) S:\Dev\miniforge\envs\ros_env\Library\bin\cmake.EXE S:\Dev\fonbot_ws\src\fonbot_package -DCMAKE_INSTALL_PREFIX=S:\Dev\fonbot_ws\src\fonbot_package\install\fonbot_package -G Visual Studio 17 2022
[22.609s] Invoking command in 'S:\Dev\fonbot_ws\src\fonbot_package\build\fonbot_package': CL=/MP CMAKE_PREFIX_PATH=%CMAKE_PREFIX_PATH%;S:\Dev\fonbot_ws\install\joint_state_publisher_gui;S:\Dev\fonbot_ws\install\joint_state_publisher;S:\Dev\miniforge\envs\ros_env\Library CONDA_PROMPT_MODIFIER=(ros_env) S:\Dev\miniforge\envs\ros_env\Library\bin\cmake.EXE --build S:\Dev\fonbot_ws\src\fonbot_package\build\fonbot_package --config Release
[22.906s] MSBuild version 17.6.3+07e294721 for .NET Framework
[22.968s] 
[23.640s]   Checking Build System
[23.890s]   Building Custom Rule S:/Dev/fonbot_ws/src/fonbot_package/CMakeLists.txt
[24.078s] Invoked command in 'S:\Dev\fonbot_ws\src\fonbot_package\build\fonbot_package' returned '0': CL=/MP CMAKE_PREFIX_PATH=%CMAKE_PREFIX_PATH%;S:\Dev\fonbot_ws\install\joint_state_publisher_gui;S:\Dev\fonbot_ws\install\joint_state_publisher;S:\Dev\miniforge\envs\ros_env\Library CONDA_PROMPT_MODIFIER=(ros_env) S:\Dev\miniforge\envs\ros_env\Library\bin\cmake.EXE --build S:\Dev\fonbot_ws\src\fonbot_package\build\fonbot_package --config Release
[24.125s] Invoking command in 'S:\Dev\fonbot_ws\src\fonbot_package\build\fonbot_package': CMAKE_PREFIX_PATH=%CMAKE_PREFIX_PATH%;S:\Dev\fonbot_ws\install\joint_state_publisher_gui;S:\Dev\fonbot_ws\install\joint_state_publisher;S:\Dev\miniforge\envs\ros_env\Library CONDA_PROMPT_MODIFIER=(ros_env) S:\Dev\miniforge\envs\ros_env\Library\bin\cmake.EXE --install S:\Dev\fonbot_ws\src\fonbot_package\build\fonbot_package --config Release
[24.187s] -- Installing: S:/Dev/fonbot_ws/src/fonbot_package/install/fonbot_package/share/fonbot_package/config
[24.203s] -- Installing: S:/Dev/fonbot_ws/src/fonbot_package/install/fonbot_package/share/fonbot_package/config/empty.yaml
[24.203s] -- Installing: S:/Dev/fonbot_ws/src/fonbot_package/install/fonbot_package/share/fonbot_package/description
[24.203s] -- Installing: S:/Dev/fonbot_ws/src/fonbot_package/install/fonbot_package/share/fonbot_package/description/robot.urdf.xacro
[24.203s] -- Installing: S:/Dev/fonbot_ws/src/fonbot_package/install/fonbot_package/share/fonbot_package/description/robot_core.xacro
[24.203s] -- Installing: S:/Dev/fonbot_ws/src/fonbot_package/install/fonbot_package/share/fonbot_package/launch
[24.203s] -- Installing: S:/Dev/fonbot_ws/src/fonbot_package/install/fonbot_package/share/fonbot_package/launch/urdf.launch.py
[24.218s] -- Installing: S:/Dev/fonbot_ws/src/fonbot_package/install/fonbot_package/share/fonbot_package/models
[24.234s] -- Installing: S:/Dev/fonbot_ws/src/fonbot_package/install/fonbot_package/share/fonbot_package/models/tank-track-asym.dae
[24.234s] -- Installing: S:/Dev/fonbot_ws/src/fonbot_package/install/fonbot_package/share/fonbot_package/models/tank_tracks.dae
[24.250s] -- Installing: S:/Dev/fonbot_ws/src/fonbot_package/install/fonbot_package/share/ament_index/resource_index/package_run_dependencies/fonbot_package
[24.265s] -- Installing: S:/Dev/fonbot_ws/src/fonbot_package/install/fonbot_package/share/ament_index/resource_index/parent_prefix_path/fonbot_package
[24.265s] -- Installing: S:/Dev/fonbot_ws/src/fonbot_package/install/fonbot_package/share/fonbot_package/environment/ament_prefix_path.bat
[24.265s] -- Installing: S:/Dev/fonbot_ws/src/fonbot_package/install/fonbot_package/share/fonbot_package/environment/ament_prefix_path.dsv
[24.265s] -- Installing: S:/Dev/fonbot_ws/src/fonbot_package/install/fonbot_package/share/fonbot_package/environment/path.bat
[24.265s] -- Installing: S:/Dev/fonbot_ws/src/fonbot_package/install/fonbot_package/share/fonbot_package/environment/path.dsv
[24.265s] -- Installing: S:/Dev/fonbot_ws/src/fonbot_package/install/fonbot_package/share/fonbot_package/local_setup.bat
[24.296s] -- Installing: S:/Dev/fonbot_ws/src/fonbot_package/install/fonbot_package/share/fonbot_package/local_setup.dsv
[24.296s] -- Installing: S:/Dev/fonbot_ws/src/fonbot_package/install/fonbot_package/share/fonbot_package/package.dsv
[24.296s] -- Installing: S:/Dev/fonbot_ws/src/fonbot_package/install/fonbot_package/share/ament_index/resource_index/packages/fonbot_package
[24.296s] -- Installing: S:/Dev/fonbot_ws/src/fonbot_package/install/fonbot_package/share/fonbot_package/cmake/fonbot_packageConfig.cmake
[24.312s] -- Installing: S:/Dev/fonbot_ws/src/fonbot_package/install/fonbot_package/share/fonbot_package/cmake/fonbot_packageConfig-version.cmake
[24.312s] -- Installing: S:/Dev/fonbot_ws/src/fonbot_package/install/fonbot_package/share/fonbot_package/package.xml
[24.312s] Invoked command in 'S:\Dev\fonbot_ws\src\fonbot_package\build\fonbot_package' returned '0': CMAKE_PREFIX_PATH=%CMAKE_PREFIX_PATH%;S:\Dev\fonbot_ws\install\joint_state_publisher_gui;S:\Dev\fonbot_ws\install\joint_state_publisher;S:\Dev\miniforge\envs\ros_env\Library CONDA_PROMPT_MODIFIER=(ros_env) S:\Dev\miniforge\envs\ros_env\Library\bin\cmake.EXE --install S:\Dev\fonbot_ws\src\fonbot_package\build\fonbot_package --config Release
