[0.000000] (-) TimerEvent: {}
[0.016000] (fonbot_package) JobQueued: {'identifier': 'fonbot_package', 'dependencies': OrderedDict()}
[0.016000] (fonbot_package) JobStarted: {'identifier': 'fonbot_package'}
[0.109000] (-) TimerEvent: {}
[0.187000] (fonbot_package) JobProgress: {'identifier': 'fonbot_package', 'progress': 'cmake'}
[0.187000] (fonbot_package) Command: {'cmd': ['S:\\Dev\\miniforge\\envs\\ros_env\\Library\\bin\\cmake.EXE', 'S:\\Dev\\fonbot_ws\\src\\fonbot_package', '-DCMAKE_INSTALL_PREFIX=S:\\Dev\\fonbot_ws\\src\\fonbot_package\\install\\fonbot_package', '-G', 'Visual Studio 17 2022'], 'cwd': 'S:\\Dev\\fonbot_ws\\src\\fonbot_package\\build\\fonbot_package', 'env': OrderedDict([('ALLUSERSPROFILE', 'C:\\ProgramData'), ('AMENT_PREFIX_PATH', 'S:\\Dev\\fonbot_ws\\install\\joint_state_publisher_gui;S:\\Dev\\fonbot_ws\\install\\joint_state_publisher;S:\\Dev\\fonbot_ws\\install\\fonbot_package;S:\\Dev\\miniforge\\envs\\ros_env\\Library'), ('AMENT_PYTHON_EXECUTABLE', 'S:\\Dev\\miniforge\\envs\\ros_env\\Library\\python.exe'), ('APPDATA', 'C:\\Users\\Stefan\\AppData\\Roaming'), ('CC', 'cl.exe'), ('ChocolateyInstall', 'C:\\ProgramData\\chocolatey'), ('ChocolateyLastPathUpdate', '133338568889027379'), ('CMAKE_ARGS', '-DCMAKE_BUILD_TYPE=Release'), ('CMAKE_GEN', 'Visual Studio 17 2022'), ('CMAKE_GENERATOR', 'Visual Studio 16 2019'), ('CMAKE_GENERATOR_PLATFORM', 'x64'), ('CMAKE_GENERATOR_TOOLSET', 'v142'), ('CMAKE_PLAT', 'x64'), ('CMAKE_PREFIX_PATH', 'S:\\Dev\\fonbot_ws\\install\\fonbot_package;S:\\Dev\\fonbot_ws\\install\\joint_state_publisher_gui;S:\\Dev\\fonbot_ws\\install\\joint_state_publisher;S:\\Dev\\miniforge\\envs\\ros_env\\Library'), ('COLCON', '1'), ('COLCON_PREFIX_PATH', 'S:\\Dev\\fonbot_ws\\install\\'), ('CommandPromptType', 'Native'), ('CommonProgramFiles', 'C:\\Program Files\\Common Files'), ('CommonProgramFiles(x86)', 'C:\\Program Files (x86)\\Common Files'), ('CommonProgramW6432', 'C:\\Program Files\\Common Files'), ('COMPUTERNAME', 'DESKTOP-CR9AE6D'), ('ComSpec', 'C:\\Windows\\system32\\cmd.exe'), ('CONDA_BUILD_CROSS_COMPILATION', '0'), ('CONDA_DEFAULT_ENV', 'ros_env'), ('CONDA_EXE', 'S:\\Dev\\miniforge\\Scripts\\conda.exe'), ('CONDA_PREFIX', 'S:\\Dev\\miniforge\\envs\\ros_env'), ('CONDA_PREFIX_1', 'S:\\Dev\\miniforge'), ('CONDA_PROMPT_MODIFIER', '(ros_env)'), ('CONDA_PYTHON_EXE', 'S:\\Dev\\miniforge\\python.exe'), ('CONDA_SHLVL', '2'), ('CPATH', ';S:\\Dev\\miniforge\\envs\\ros_env\\Library\\include'), ('CXX', 'cl.exe'), ('DevEnvDir', 'S:\\Program files\\Microsoft Visual Studio\\2022\\Community\\Common7\\IDE\\'), ('DISTUTILS_USE_SDK', '1'), ('DriverData', 'C:\\Windows\\System32\\Drivers\\DriverData'), ('ExtensionSdkDir', 'C:\\Program Files (x86)\\Microsoft SDKs\\Windows Kits\\10\\ExtensionSDKs'), ('EXTERNAL_INCLUDE', 'S:\\Program files\\Microsoft Visual Studio\\2022\\Community\\VC\\Tools\\MSVC\\14.36.32532\\include;S:\\Program files\\Microsoft Visual Studio\\2022\\Community\\VC\\Tools\\MSVC\\14.36.32532\\ATLMFC\\include;S:\\Program files\\Microsoft Visual Studio\\2022\\Community\\VC\\Auxiliary\\VS\\include;C:\\Program Files (x86)\\Windows Kits\\10\\include\\10.0.22000.0\\ucrt;C:\\Program Files (x86)\\Windows Kits\\10\\\\include\\10.0.22000.0\\\\um;C:\\Program Files (x86)\\Windows Kits\\10\\\\include\\10.0.22000.0\\\\shared;C:\\Program Files (x86)\\Windows Kits\\10\\\\include\\10.0.22000.0\\\\winrt;C:\\Program Files (x86)\\Windows Kits\\10\\\\include\\10.0.22000.0\\\\cppwinrt;C:\\Program Files (x86)\\Windows Kits\\NETFXSDK\\4.8\\include\\um'), ('Framework40Version', 'v4.0'), ('FrameworkDir', 'C:\\Windows\\Microsoft.NET\\Framework64\\'), ('FrameworkDir64', 'C:\\Windows\\Microsoft.NET\\Framework64\\'), ('FrameworkVersion', 'v4.0.30319'), ('FrameworkVersion64', 'v4.0.30319'), ('FSHARPINSTALLDIR', 'S:\\Program files\\Microsoft Visual Studio\\2022\\Community\\Common7\\IDE\\CommonExtensions\\Microsoft\\FSharp\\Tools'), ('HOMEDRIVE', 'C:'), ('HOMEPATH', '\\Users\\Stefan'), ('INCLUDE', 'S:\\Program files\\Microsoft Visual Studio\\2022\\Community\\VC\\Tools\\MSVC\\14.36.32532\\include;S:\\Program files\\Microsoft Visual Studio\\2022\\Community\\VC\\Tools\\MSVC\\14.36.32532\\ATLMFC\\include;S:\\Program files\\Microsoft Visual Studio\\2022\\Community\\VC\\Auxiliary\\VS\\include;C:\\Program Files (x86)\\Windows Kits\\10\\include\\10.0.22000.0\\ucrt;C:\\Program Files (x86)\\Windows Kits\\10\\\\include\\10.0.22000.0\\\\um;C:\\Program Files (x86)\\Windows Kits\\10\\\\include\\10.0.22000.0\\\\shared;C:\\Program Files (x86)\\Windows Kits\\10\\\\include\\10.0.22000.0\\\\winrt;C:\\Program Files (x86)\\Windows Kits\\10\\\\include\\10.0.22000.0\\\\cppwinrt;C:\\Program Files (x86)\\Windows Kits\\NETFXSDK\\4.8\\include\\um'), ('LIB', 'S:\\Program files\\Microsoft Visual Studio\\2022\\Community\\VC\\Tools\\MSVC\\14.36.32532\\ATLMFC\\lib\\x64;S:\\Program files\\Microsoft Visual Studio\\2022\\Community\\VC\\Tools\\MSVC\\14.36.32532\\lib\\x64;C:\\Program Files (x86)\\Windows Kits\\NETFXSDK\\4.8\\lib\\um\\x64;C:\\Program Files (x86)\\Windows Kits\\10\\lib\\10.0.22000.0\\ucrt\\x64;C:\\Program Files (x86)\\Windows Kits\\10\\\\lib\\10.0.22000.0\\\\um\\x64;;S:\\Dev\\miniforge\\envs\\ros_env\\Library\\lib'), ('LIBPATH', 'S:\\Program files\\Microsoft Visual Studio\\2022\\Community\\VC\\Tools\\MSVC\\14.36.32532\\ATLMFC\\lib\\x64;S:\\Program files\\Microsoft Visual Studio\\2022\\Community\\VC\\Tools\\MSVC\\14.36.32532\\lib\\x64;S:\\Program files\\Microsoft Visual Studio\\2022\\Community\\VC\\Tools\\MSVC\\14.36.32532\\lib\\x86\\store\\references;C:\\Program Files (x86)\\Windows Kits\\10\\UnionMetadata\\10.0.22000.0;C:\\Program Files (x86)\\Windows Kits\\10\\References\\10.0.22000.0;C:\\Windows\\Microsoft.NET\\Framework64\\v4.0.30319'), ('LOCALAPPDATA', 'C:\\Users\\Stefan\\AppData\\Local'), ('LOGONSERVER', '\\\\DESKTOP-CR9AE6D'), ('MSSdk', '1'), ('MSYS2_ARG_CONV_EXCL', '/AI;/AL;/OUT;/out'), ('MSYS2_ENV_CONV_EXCL', 'CL'), ('NETFXSDKDir', 'C:\\Program Files (x86)\\Windows Kits\\NETFXSDK\\4.8\\'), ('NEWER_VS_WITH_OLDER_VC', '0'), ('NUMBER_OF_PROCESSORS', '8'), ('ONEAPI_ROOT', 'C:\\Program Files (x86)\\Intel\\oneAPI\\'), ('OneDrive', 'F:\\OneDrive - Fakultet organizacionih nauka'), ('OneDriveCommercial', 'F:\\OneDrive - Fakultet organizacionih nauka'), ('OneDriveConsumer', 'C:\\Users\\Stefan\\OneDrive'), ('OS', 'Windows_NT'), ('Path', 'S:\\Program files\\Microsoft Visual Studio\\2022\\Community\\VC\\Tools\\MSVC\\14.36.32532\\bin\\HostX64\\x64;S:\\Program files\\Microsoft Visual Studio\\2022\\Community\\Common7\\IDE\\VC\\VCPackages;S:\\Program files\\Microsoft Visual Studio\\2022\\Community\\Common7\\IDE\\CommonExtensions\\Microsoft\\TestWindow;S:\\Program files\\Microsoft Visual Studio\\2022\\Community\\Common7\\IDE\\CommonExtensions\\Microsoft\\TeamFoundation\\Team Explorer;S:\\Program files\\Microsoft Visual Studio\\2022\\Community\\MSBuild\\Current\\bin\\Roslyn;S:\\Program files\\Microsoft Visual Studio\\2022\\Community\\Team Tools\\Performance Tools\\x64;S:\\Program files\\Microsoft Visual Studio\\2022\\Community\\Team Tools\\Performance Tools;C:\\Program Files (x86)\\Microsoft SDKs\\Windows\\v10.0A\\bin\\NETFX 4.8 Tools\\x64\\;S:\\Program files\\Microsoft Visual Studio\\2022\\Community\\Common7\\IDE\\CommonExtensions\\Microsoft\\FSharp\\Tools;C:\\Program Files (x86)\\Windows Kits\\10\\bin\\10.0.22000.0\\\\x64;C:\\Program Files (x86)\\Windows Kits\\10\\bin\\\\x64;S:\\Program files\\Microsoft Visual Studio\\2022\\Community\\\\MSBuild\\Current\\Bin\\amd64;C:\\Windows\\Microsoft.NET\\Framework64\\v4.0.30319;S:\\Program files\\Microsoft Visual Studio\\2022\\Community\\Common7\\IDE\\;S:\\Program files\\Microsoft Visual Studio\\2022\\Community\\Common7\\Tools\\;S:\\Dev\\miniforge\\envs\\ros_env\\Library\\opt\\rviz_ogre_vendor\\bin;S:\\Dev\\miniforge\\envs\\ros_env;S:\\Dev\\miniforge\\envs\\ros_env\\Library\\mingw-w64\\bin;S:\\Dev\\miniforge\\envs\\ros_env\\Library\\usr\\bin;S:\\Dev\\miniforge\\envs\\ros_env\\Library\\bin;S:\\Dev\\miniforge\\envs\\ros_env\\Scripts;S:\\Dev\\miniforge\\envs\\ros_env\\bin;S:\\Dev\\miniforge\\condabin;C:\\Python38\\Scripts;C:\\Python38;C:\\Program Files\\Common Files\\Oracle\\Java\\javapath;C:\\Program Files\\MySQL\\MySQL Utilities 1.6;C:\\Program Files\\Haskell\\bin;C:\\Program Files\\Haskell Platform\\8.6.5\\lib\\extralibs\\bin;C:\\Program Files\\Haskell Platform\\8.6.5\\bin;C:\\Windows\\system32;C:\\Windows;C:\\Windows\\System32\\Wbem;C:\\Windows\\System32\\WindowsPowerShell\\v1.0;C:\\Windows\\System32\\OpenSSH;C:\\TDM-GCC-64\\bin;C:\\Program Files\\Haskell Platform\\8.6.5\\mingw\\bin;C:\\Program Files\\Git\\cmd;C:\\Program Files\\Microsoft SQL Server\\130\\Tools\\Binn;C:\\Program Files\\Microsoft SQL Server\\Client SDK\\ODBC\\170\\Tools\\Binn;C:\\Program Files (x86)\\Microsoft SQL Server\\150\\DTS\\Binn;C:\\Program Files (x86)\\Microsoft SQL Server\\150\\Tools\\Binn;C:\\Program Files\\Microsoft SQL Server\\150\\Tools\\Binn;C:\\Program Files\\Microsoft SQL Server\\150\\DTS\\Binn;C:\\Program Files\\PostgreSQL\\13\\bin;S:\\Program files\\flutter_windows_2.2.3-stable\\flutter\\bin;C:\\Program Files\\Docker\\Docker\\resources\\bin;C:\\ProgramData\\DockerDesktop\\version-bin;S:\\Program files\\PuTTY;C:\\Program Files\\nodejs;S:\\Downloads\\nvim-win64;S:\\Downloads\\nvim-win64\\Neovim\\bin;C:\\Program Files\\dotnet;C:\\Program Files\\qemu;S:\\youtube-dl;C:\\ProgramData\\chocolatey\\bin;S:\\Downloads\\upx-3.96-win64;S:\\Downloads\\Strings;S:\\Program files\\Matlab\\runtime\\win64;S:\\Program files\\Matlab\\bin;S:\\Program files\\Matlab\\polyspace\\bin;C:\\Users\\Stefan\\AppData\\Local\\Programs\\Python\\Python310\\Scripts;C:\\Users\\Stefan\\AppData\\Local\\Programs\\Python\\Python310;C:\\Users\\Stefan\\.cargo\\bin;C:\\Users\\Stefan\\AppData\\Roaming\\cabal\\bin;C:\\Users\\Stefan\\AppData\\Roaming\\local\\bin;C:\\Users\\Stefan\\AppData\\Local\\Microsoft\\WindowsApps;C:\\Users\\Stefan\\AppData\\Local\\Programs\\Microsoft VS Code\\bin;C:\\TDM-GCC-64\\x86_64-w64-mingw32\\bin;C:\\Users\\Stefan\\AppData\\Local\\GitHubDesktop\\bin;C:\\Users\\Stefan\\.dotnet\\tools;C:\\Users\\Stefan\\AppData\\Roaming\\npm;S:\\Program files\\heroku\\bin;S:\\Program files\\Microsoft Visual Studio\\2022\\Community\\Common7\\IDE\\VC\\Linux\\bin\\ConnectionManagerExe;S:\\Program files\\Microsoft Visual Studio\\2022\\Community\\VC\\vcpkg'), ('PATHEXT', '.COM;.EXE;.BAT;.CMD;.VBS;.VBE;.JS;.JSE;.WSF;.WSH;.MSC;.PY;.PYW'), ('Platform', 'x64'), ('PROCESSOR_ARCHITECTURE', 'AMD64'), ('PROCESSOR_IDENTIFIER', 'AMD64 Family 23 Model 17 Stepping 0, AuthenticAMD'), ('PROCESSOR_LEVEL', '23'), ('PROCESSOR_REVISION', '1100'), ('ProgramData', 'C:\\ProgramData'), ('ProgramFiles', 'C:\\Program Files'), ('ProgramFiles(x86)', 'C:\\Program Files (x86)'), ('ProgramW6432', 'C:\\Program Files'), ('PROJ_DATA', 'S:\\Dev\\miniforge\\envs\\ros_env\\Library\\share\\proj'), ('PROJ_NETWORK', 'ON'), ('PROMPT', '(ros_env) $P$G'), ('PSModulePath', 'C:\\Program Files\\WindowsPowerShell\\Modules;C:\\Windows\\system32\\WindowsPowerShell\\v1.0\\Modules;C:\\Program Files (x86)\\Microsoft SQL Server\\150\\Tools\\PowerShell\\Modules\\'), ('PUBLIC', 'C:\\Users\\Public'), ('PYTHONPATH', 'S:\\Dev\\fonbot_ws\\build\\joint_state_publisher_gui;S:\\Dev\\fonbot_ws\\install\\joint_state_publisher_gui\\Lib\\site-packages;S:\\Dev\\fonbot_ws\\build\\joint_state_publisher;S:\\Dev\\fonbot_ws\\install\\joint_state_publisher\\Lib\\site-packages;S:\\Dev\\miniforge\\envs\\ros_env\\Library\\lib/site-packages;S:/Dev/miniforge/envs/ros_env\\Lib\\site-packages'), ('PY_VCRUNTIME_REDIST', '\\bin\\vcruntime140.dll'), ('QT_PLUGIN_PATH', 'S:\\Dev\\miniforge\\envs\\ros_env\\Library\\plugins'), ('ROS_DISTRO', 'humble'), ('ROS_ETC_DIR', 'S:\\Dev\\miniforge\\envs\\ros_env\\Library\\etc\\ros'), ('ROS_LOCALHOST_ONLY', '0'), ('ROS_OS_OVERRIDE', 'conda:win64'), ('ROS_PYTHON_VERSION', '3'), ('ROS_VERSION', '2'), ('STACK_ROOT', 'C:\\sr'), ('SystemDrive', 'C:'), ('SystemRoot', 'C:\\Windows'), ('TEMP', 'C:\\Users\\Stefan\\AppData\\Local\\Temp'), ('TMP', 'C:\\Users\\Stefan\\AppData\\Local\\Temp'), ('UCRTVersion', '10.0.22000.0'), ('UniversalCRTSdkDir', 'C:\\Program Files (x86)\\Windows Kits\\10\\'), ('USERDOMAIN', 'DESKTOP-CR9AE6D'), ('USERDOMAIN_ROAMINGPROFILE', 'DESKTOP-CR9AE6D'), ('USERNAME', 'Stefan'), ('USERPROFILE', 'C:\\Users\\Stefan'), ('USE_NEW_CMAKE_GEN_SYNTAX', '1'), ('VBOX_HWVIRTEX_IGNORE_SVM_IN_USE', '1'), ('VBOX_MSI_INSTALL_PATH', 'S:\\Program files\\VirtualBox\\'), ('VCIDEInstallDir', 'S:\\Program files\\Microsoft Visual Studio\\2022\\Community\\Common7\\IDE\\VC\\'), ('VCINSTALLDIR', 'S:\\Program files\\Microsoft Visual Studio\\2022\\Community\\VC\\'), ('VCPKG_ROOT', 'S:\\Program files\\Microsoft Visual Studio\\2022\\Community\\VC\\vcpkg'), ('VCToolsInstallDir', 'S:\\Program files\\Microsoft Visual Studio\\2022\\Community\\VC\\Tools\\MSVC\\14.36.32532\\'), ('VCToolsRedistDir', 'S:\\Program files\\Microsoft Visual Studio\\2022\\Community\\VC\\Redist\\MSVC\\14.36.32532\\'), ('VCToolsVersion', '14.36.32532'), ('VCVARSBAT', '64'), ('VisualStudioVersion', '17.0'), ('VS170COMNTOOLS', 'S:\\Program files\\Microsoft Visual Studio\\2022\\Community\\Common7\\Tools\\'), ('VS2017INSTALLDIR', 'S:\\Program files\\Microsoft Visual Studio\\2017\\Community'), ('VS2019INSTALLDIR', 'C:\\Program Files (x86)\\Microsoft Visual Studio\\2019\\Community'), ('VS2022INSTALLDIR', 'S:\\Program files\\Microsoft Visual Studio\\2022\\Community'), ('VSCMD_ARG_app_plat', 'Desktop'), ('VSCMD_ARG_HOST_ARCH', 'x64'), ('VSCMD_ARG_TGT_ARCH', 'x64'), ('VSCMD_ARG_VCVARS_VER', '14.36'), ('VSCMD_ARG_winsdk', '10.0.22000.0'), ('VSCMD_VER', '17.6.5'), ('VSINSTALLDIR', 'S:\\Program files\\Microsoft Visual Studio\\2022\\Community\\'), ('VS_MAJOR', '17'), ('VS_VERSION', '17.0'), ('VS_YEAR', '2022'), ('windir', 'C:\\Windows'), ('WindowsLibPath', 'C:\\Program Files (x86)\\Windows Kits\\10\\UnionMetadata\\10.0.22000.0;C:\\Program Files (x86)\\Windows Kits\\10\\References\\10.0.22000.0'), ('WindowsSdkBinPath', 'C:\\Program Files (x86)\\Windows Kits\\10\\bin\\'), ('WindowsSdkDir', 'C:\\Program Files (x86)\\Windows Kits\\10\\'), ('WindowsSDKLibVersion', '10.0.22000.0\\'), ('WindowsSDKVer', '10.0.22000.0'), ('WindowsSdkVerBinPath', 'C:\\Program Files (x86)\\Windows Kits\\10\\bin\\10.0.22000.0\\'), ('WindowsSDKVersion', '10.0.22000.0\\'), ('WindowsSDK_ExecutablePath_x64', 'C:\\Program Files (x86)\\Microsoft SDKs\\Windows\\v10.0A\\bin\\NETFX 4.8 Tools\\x64\\'), ('WindowsSDK_ExecutablePath_x86', 'C:\\Program Files (x86)\\Microsoft SDKs\\Windows\\v10.0A\\bin\\NETFX 4.8 Tools\\'), ('WSLENV', 'WT_SESSION::WT_PROFILE_ID'), ('WT_PROFILE_ID', '{5c0b7ffe-caac-45c3-b498-b387f945bbb6}'), ('WT_SESSION', '803680f5-44b9-47e0-a12d-99ecc917f2ae'), ('XML_CATALOG_FILES', 'file:///S:/Dev/miniforge/envs/ros_env/etc/xml/catalog'), ('__DOTNET_ADD_64BIT', '1'), ('__DOTNET_PREFERRED_BITNESS', '64'), ('__VSCMD_PREINIT_PATH', 'S:\\Dev\\miniforge\\envs\\ros_env\\Library\\opt\\rviz_ogre_vendor\\bin;S:\\Dev\\miniforge\\envs\\ros_env;S:\\Dev\\miniforge\\envs\\ros_env\\Library\\mingw-w64\\bin;S:\\Dev\\miniforge\\envs\\ros_env\\Library\\usr\\bin;S:\\Dev\\miniforge\\envs\\ros_env\\Library\\bin;S:\\Dev\\miniforge\\envs\\ros_env\\Scripts;S:\\Dev\\miniforge\\envs\\ros_env\\bin;S:\\Dev\\miniforge\\condabin;C:\\Python38\\Scripts;C:\\Python38;C:\\Program Files\\Common Files\\Oracle\\Java\\javapath;C:\\Program Files\\MySQL\\MySQL Utilities 1.6;C:\\Program Files\\Haskell\\bin;C:\\Program Files\\Haskell Platform\\8.6.5\\lib\\extralibs\\bin;C:\\Program Files\\Haskell Platform\\8.6.5\\bin;C:\\Windows\\system32;C:\\Windows;C:\\Windows\\System32\\Wbem;C:\\Windows\\System32\\WindowsPowerShell\\v1.0;C:\\Windows\\System32\\OpenSSH;C:\\TDM-GCC-64\\bin;C:\\Program Files\\Haskell Platform\\8.6.5\\mingw\\bin;C:\\Program Files\\Git\\cmd;C:\\Program Files\\Microsoft SQL Server\\130\\Tools\\Binn;C:\\Program Files\\Microsoft SQL Server\\Client SDK\\ODBC\\170\\Tools\\Binn;C:\\Program Files (x86)\\Microsoft SQL Server\\150\\DTS\\Binn;C:\\Program Files (x86)\\Microsoft SQL Server\\150\\Tools\\Binn;C:\\Program Files\\Microsoft SQL Server\\150\\Tools\\Binn;C:\\Program Files\\Microsoft SQL Server\\150\\DTS\\Binn;C:\\Program Files\\PostgreSQL\\13\\bin;S:\\Program files\\flutter_windows_2.2.3-stable\\flutter\\bin;C:\\Program Files\\Docker\\Docker\\resources\\bin;C:\\ProgramData\\DockerDesktop\\version-bin;S:\\Program files\\PuTTY;C:\\Program Files\\nodejs;S:\\Downloads\\nvim-win64;S:\\Downloads\\nvim-win64\\Neovim\\bin;C:\\Program Files\\dotnet;C:\\Program Files\\qemu;S:\\youtube-dl;C:\\ProgramData\\chocolatey\\bin;S:\\Downloads\\upx-3.96-win64;S:\\Downloads\\Strings;S:\\Program files\\Matlab\\runtime\\win64;S:\\Program files\\Matlab\\bin;S:\\Program files\\Matlab\\polyspace\\bin;C:\\Users\\Stefan\\AppData\\Local\\Programs\\Python\\Python310\\Scripts;C:\\Users\\Stefan\\AppData\\Local\\Programs\\Python\\Python310;C:\\Users\\Stefan\\.cargo\\bin;C:\\Users\\Stefan\\AppData\\Roaming\\cabal\\bin;C:\\Users\\Stefan\\AppData\\Roaming\\local\\bin;C:\\Users\\Stefan\\AppData\\Local\\Microsoft\\WindowsApps;C:\\Users\\Stefan\\AppData\\Local\\Programs\\Microsoft VS Code\\bin;C:\\TDM-GCC-64\\x86_64-w64-mingw32\\bin;C:\\Users\\Stefan\\AppData\\Local\\GitHubDesktop\\bin;C:\\Users\\Stefan\\.dotnet\\tools;C:\\Users\\Stefan\\AppData\\Roaming\\npm;S:\\Program files\\heroku\\bin')]), 'shell': False}
[0.219000] (-) TimerEvent: {}
[0.344000] (-) TimerEvent: {}
[0.453000] (-) TimerEvent: {}
[0.500000] (fonbot_package) StdoutLine: {'line': b'-- Selecting Windows SDK version 10.0.22000.0 to target Windows 10.0.18363.\n'}
[0.578000] (-) TimerEvent: {}
[0.687000] (-) TimerEvent: {}
[0.812000] (-) TimerEvent: {}
[0.937000] (-) TimerEvent: {}
[1.047000] (-) TimerEvent: {}
[1.172000] (-) TimerEvent: {}
[1.281000] (-) TimerEvent: {}
[1.391000] (-) TimerEvent: {}
[1.500000] (-) TimerEvent: {}
[1.609000] (-) TimerEvent: {}
[1.719000] (-) TimerEvent: {}
[1.828000] (-) TimerEvent: {}
[1.953000] (-) TimerEvent: {}
[2.078000] (-) TimerEvent: {}
[2.187000] (-) TimerEvent: {}
[2.297000] (-) TimerEvent: {}
[2.422000] (-) TimerEvent: {}
[2.547000] (-) TimerEvent: {}
[2.672000] (-) TimerEvent: {}
[2.781000] (-) TimerEvent: {}
[2.891000] (-) TimerEvent: {}
[3.000000] (-) TimerEvent: {}
[3.109000] (-) TimerEvent: {}
[3.234000] (-) TimerEvent: {}
[3.359000] (-) TimerEvent: {}
[3.469000] (-) TimerEvent: {}
[3.578000] (-) TimerEvent: {}
[3.687000] (-) TimerEvent: {}
[3.812000] (-) TimerEvent: {}
[3.922000] (-) TimerEvent: {}
[4.031000] (-) TimerEvent: {}
[4.141000] (-) TimerEvent: {}
[4.266000] (-) TimerEvent: {}
[4.391000] (-) TimerEvent: {}
[4.500000] (-) TimerEvent: {}
[4.609000] (-) TimerEvent: {}
[4.734000] (-) TimerEvent: {}
[4.781000] (fonbot_package) StdoutLine: {'line': b'-- The C compiler identification is MSVC 19.36.32537.0\n'}
[4.859000] (-) TimerEvent: {}
[4.969000] (-) TimerEvent: {}
[5.094000] (-) TimerEvent: {}
[5.203000] (-) TimerEvent: {}
[5.312000] (-) TimerEvent: {}
[5.422000] (-) TimerEvent: {}
[5.531000] (-) TimerEvent: {}
[5.656000] (-) TimerEvent: {}
[5.781000] (-) TimerEvent: {}
[5.891000] (-) TimerEvent: {}
[6.016000] (-) TimerEvent: {}
[6.125000] (-) TimerEvent: {}
[6.234000] (-) TimerEvent: {}
[6.359000] (-) TimerEvent: {}
[6.469000] (-) TimerEvent: {}
[6.578000] (-) TimerEvent: {}
[6.687000] (-) TimerEvent: {}
[6.750000] (fonbot_package) StdoutLine: {'line': b'-- The CXX compiler identification is MSVC 19.36.32537.0\n'}
[6.797000] (-) TimerEvent: {}
[6.859000] (fonbot_package) StdoutLine: {'line': b'-- Detecting C compiler ABI info\n'}
[6.906000] (-) TimerEvent: {}
[7.031000] (-) TimerEvent: {}
[7.141000] (-) TimerEvent: {}
[7.250000] (-) TimerEvent: {}
[7.375000] (-) TimerEvent: {}
[7.484000] (-) TimerEvent: {}
[7.594000] (-) TimerEvent: {}
[7.719000] (-) TimerEvent: {}
[7.828000] (-) TimerEvent: {}
[7.953000] (-) TimerEvent: {}
[8.078000] (-) TimerEvent: {}
[8.187000] (-) TimerEvent: {}
[8.297000] (-) TimerEvent: {}
[8.406000] (-) TimerEvent: {}
[8.516000] (-) TimerEvent: {}
[8.625000] (-) TimerEvent: {}
[8.750000] (-) TimerEvent: {}
[8.859000] (-) TimerEvent: {}
[8.922000] (fonbot_package) StdoutLine: {'line': b'-- Detecting C compiler ABI info - done\n'}
[8.953000] (fonbot_package) StdoutLine: {'line': b'-- Check for working C compiler: S:/Program files/Microsoft Visual Studio/2022/Community/VC/Tools/MSVC/14.36.32532/bin/Hostx64/x64/cl.exe - skipped\n'}
[8.969000] (-) TimerEvent: {}
[8.969000] (fonbot_package) StdoutLine: {'line': b'-- Detecting C compile features\n'}
[8.969000] (fonbot_package) StdoutLine: {'line': b'-- Detecting C compile features - done\n'}
[9.000000] (fonbot_package) StdoutLine: {'line': b'-- Detecting CXX compiler ABI info\n'}
[9.094000] (-) TimerEvent: {}
[9.219000] (-) TimerEvent: {}
[9.328000] (-) TimerEvent: {}
[9.453000] (-) TimerEvent: {}
[9.578000] (-) TimerEvent: {}
[9.687000] (-) TimerEvent: {}
[9.812000] (-) TimerEvent: {}
[9.937000] (-) TimerEvent: {}
[10.047000] (-) TimerEvent: {}
[10.156000] (-) TimerEvent: {}
[10.266000] (-) TimerEvent: {}
[10.375000] (-) TimerEvent: {}
[10.500000] (-) TimerEvent: {}
[10.609000] (-) TimerEvent: {}
[10.734000] (-) TimerEvent: {}
[10.844000] (-) TimerEvent: {}
[10.969000] (-) TimerEvent: {}
[10.984000] (fonbot_package) StdoutLine: {'line': b'-- Detecting CXX compiler ABI info - done\n'}
[11.031000] (fonbot_package) StdoutLine: {'line': b'-- Check for working CXX compiler: S:/Program files/Microsoft Visual Studio/2022/Community/VC/Tools/MSVC/14.36.32532/bin/Hostx64/x64/cl.exe - skipped\n'}
[11.031000] (fonbot_package) StdoutLine: {'line': b'-- Detecting CXX compile features\n'}
[11.031000] (fonbot_package) StdoutLine: {'line': b'-- Detecting CXX compile features - done\n'}
[11.078000] (fonbot_package) StdoutLine: {'line': b'-- Found ament_cmake: 1.3.3 (S:/Dev/miniforge/envs/ros_env/Library/share/ament_cmake/cmake)\n'}
[11.078000] (-) TimerEvent: {}
[11.187000] (-) TimerEvent: {}
[11.297000] (-) TimerEvent: {}
[11.422000] (-) TimerEvent: {}
[11.531000] (-) TimerEvent: {}
[11.656000] (-) TimerEvent: {}
[11.766000] (-) TimerEvent: {}
[11.875000] (-) TimerEvent: {}
[11.984000] (-) TimerEvent: {}
[12.094000] (-) TimerEvent: {}
[12.203000] (-) TimerEvent: {}
[12.312000] (-) TimerEvent: {}
[12.422000] (-) TimerEvent: {}
[12.547000] (-) TimerEvent: {}
[12.656000] (-) TimerEvent: {}
[12.766000] (-) TimerEvent: {}
[12.875000] (-) TimerEvent: {}
[12.984000] (-) TimerEvent: {}
[13.109000] (-) TimerEvent: {}
[13.234000] (-) TimerEvent: {}
[13.359000] (-) TimerEvent: {}
[13.484000] (-) TimerEvent: {}
[13.609000] (-) TimerEvent: {}
[13.719000] (-) TimerEvent: {}
[13.828000] (-) TimerEvent: {}
[13.937000] (-) TimerEvent: {}
[14.062000] (-) TimerEvent: {}
[14.187000] (-) TimerEvent: {}
[14.312000] (-) TimerEvent: {}
[14.422000] (-) TimerEvent: {}
[14.531000] (-) TimerEvent: {}
[14.641000] (-) TimerEvent: {}
[14.750000] (-) TimerEvent: {}
[14.875000] (-) TimerEvent: {}
[15.000000] (-) TimerEvent: {}
[15.109000] (-) TimerEvent: {}
[15.234000] (-) TimerEvent: {}
[15.359000] (-) TimerEvent: {}
[15.469000] (-) TimerEvent: {}
[15.594000] (-) TimerEvent: {}
[15.719000] (-) TimerEvent: {}
[15.828000] (-) TimerEvent: {}
[15.953000] (-) TimerEvent: {}
[16.078000] (-) TimerEvent: {}
[16.187000] (-) TimerEvent: {}
[16.297000] (-) TimerEvent: {}
[16.422000] (-) TimerEvent: {}
[16.531000] (-) TimerEvent: {}
[16.641000] (-) TimerEvent: {}
[16.766000] (-) TimerEvent: {}
[16.875000] (-) TimerEvent: {}
[16.984000] (-) TimerEvent: {}
[17.109000] (-) TimerEvent: {}
[17.219000] (-) TimerEvent: {}
[17.344000] (-) TimerEvent: {}
[17.453000] (-) TimerEvent: {}
[17.578000] (-) TimerEvent: {}
[17.703000] (-) TimerEvent: {}
[17.812000] (-) TimerEvent: {}
[17.937000] (-) TimerEvent: {}
[18.062000] (-) TimerEvent: {}
[18.172000] (-) TimerEvent: {}
[18.297000] (-) TimerEvent: {}
[18.406000] (-) TimerEvent: {}
[18.531000] (-) TimerEvent: {}
[18.641000] (-) TimerEvent: {}
[18.750000] (-) TimerEvent: {}
[18.859000] (-) TimerEvent: {}
[18.984000] (-) TimerEvent: {}
[19.109000] (-) TimerEvent: {}
[19.219000] (-) TimerEvent: {}
[19.344000] (-) TimerEvent: {}
[19.469000] (-) TimerEvent: {}
[19.578000] (-) TimerEvent: {}
[19.703000] (-) TimerEvent: {}
[19.812000] (-) TimerEvent: {}
[19.937000] (-) TimerEvent: {}
[20.047000] (-) TimerEvent: {}
[20.156000] (-) TimerEvent: {}
[20.281000] (-) TimerEvent: {}
[20.391000] (-) TimerEvent: {}
[20.516000] (-) TimerEvent: {}
[20.641000] (-) TimerEvent: {}
[20.750000] (-) TimerEvent: {}
[20.844000] (fonbot_package) StdoutLine: {'line': b'-- Found Python3: S:/Dev/miniforge/envs/ros_env/python.exe (found version "3.10.12") found components: Interpreter \n'}
[20.875000] (-) TimerEvent: {}
[21.000000] (-) TimerEvent: {}
[21.109000] (-) TimerEvent: {}
[21.234000] (-) TimerEvent: {}
[21.359000] (-) TimerEvent: {}
[21.469000] (-) TimerEvent: {}
[21.562000] (fonbot_package) StdoutLine: {'line': b'-- Found ament_lint_auto: 0.12.5 (S:/Dev/miniforge/envs/ros_env/Library/share/ament_lint_auto/cmake)\n'}
[21.578000] (-) TimerEvent: {}
[21.687000] (-) TimerEvent: {}
[21.797000] (-) TimerEvent: {}
[21.906000] (-) TimerEvent: {}
[22.031000] (-) TimerEvent: {}
[22.141000] (-) TimerEvent: {}
[22.203000] (fonbot_package) StdoutLine: {'line': b"-- Added test 'cppcheck' to perform static code analysis on C / C++ code\n"}
[22.203000] (fonbot_package) StdoutLine: {'line': b'-- Configured cppcheck include dirs: \n'}
[22.203000] (fonbot_package) StdoutLine: {'line': b'-- Configured cppcheck exclude dirs and/or files: \n'}
[22.219000] (fonbot_package) StdoutLine: {'line': b"-- Added test 'flake8' to check Python code syntax and style conventions\n"}
[22.234000] (fonbot_package) StdoutLine: {'line': b"-- Added test 'lint_cmake' to check CMake code style\n"}
[22.250000] (fonbot_package) StdoutLine: {'line': b"-- Added test 'pep257' to check Python code against some of the docstring style conventions in PEP 257\n"}
[22.250000] (-) TimerEvent: {}
[22.312000] (fonbot_package) StdoutLine: {'line': b"-- Added test 'uncrustify' to check C / C++ code style\n"}
[22.312000] (fonbot_package) StdoutLine: {'line': b'-- Configured uncrustify additional arguments: \n'}
[22.312000] (fonbot_package) StdoutLine: {'line': b"-- Added test 'xmllint' to check XML markup files\n"}
[22.344000] (fonbot_package) StdoutLine: {'line': b'-- Configuring done (21.9s)\n'}
[22.359000] (-) TimerEvent: {}
[22.484000] (-) TimerEvent: {}
[22.531000] (fonbot_package) StdoutLine: {'line': b'-- Generating done (0.2s)\n'}
[22.578000] (fonbot_package) StdoutLine: {'line': b'-- Build files have been written to: S:/Dev/fonbot_ws/src/fonbot_package/build/fonbot_package\n'}
[22.594000] (-) TimerEvent: {}
[22.609000] (fonbot_package) CommandEnded: {'returncode': 0}
[22.625000] (fonbot_package) JobProgress: {'identifier': 'fonbot_package', 'progress': 'build'}
[22.625000] (fonbot_package) Command: {'cmd': ['S:\\Dev\\miniforge\\envs\\ros_env\\Library\\bin\\cmake.EXE', '--build', 'S:\\Dev\\fonbot_ws\\src\\fonbot_package\\build\\fonbot_package', '--config', 'Release'], 'cwd': 'S:\\Dev\\fonbot_ws\\src\\fonbot_package\\build\\fonbot_package', 'env': {'ALLUSERSPROFILE': 'C:\\ProgramData', 'AMENT_PREFIX_PATH': 'S:\\Dev\\fonbot_ws\\install\\joint_state_publisher_gui;S:\\Dev\\fonbot_ws\\install\\joint_state_publisher;S:\\Dev\\fonbot_ws\\install\\fonbot_package;S:\\Dev\\miniforge\\envs\\ros_env\\Library', 'AMENT_PYTHON_EXECUTABLE': 'S:\\Dev\\miniforge\\envs\\ros_env\\Library\\python.exe', 'APPDATA': 'C:\\Users\\Stefan\\AppData\\Roaming', 'CC': 'cl.exe', 'ChocolateyInstall': 'C:\\ProgramData\\chocolatey', 'ChocolateyLastPathUpdate': '133338568889027379', 'CMAKE_ARGS': '-DCMAKE_BUILD_TYPE=Release', 'CMAKE_GEN': 'Visual Studio 17 2022', 'CMAKE_GENERATOR': 'Visual Studio 16 2019', 'CMAKE_GENERATOR_PLATFORM': 'x64', 'CMAKE_GENERATOR_TOOLSET': 'v142', 'CMAKE_PLAT': 'x64', 'CMAKE_PREFIX_PATH': 'S:\\Dev\\fonbot_ws\\install\\fonbot_package;S:\\Dev\\fonbot_ws\\install\\joint_state_publisher_gui;S:\\Dev\\fonbot_ws\\install\\joint_state_publisher;S:\\Dev\\miniforge\\envs\\ros_env\\Library', 'COLCON': '1', 'COLCON_PREFIX_PATH': 'S:\\Dev\\fonbot_ws\\install\\', 'CommandPromptType': 'Native', 'CommonProgramFiles': 'C:\\Program Files\\Common Files', 'CommonProgramFiles(x86)': 'C:\\Program Files (x86)\\Common Files', 'CommonProgramW6432': 'C:\\Program Files\\Common Files', 'COMPUTERNAME': 'DESKTOP-CR9AE6D', 'ComSpec': 'C:\\Windows\\system32\\cmd.exe', 'CONDA_BUILD_CROSS_COMPILATION': '0', 'CONDA_DEFAULT_ENV': 'ros_env', 'CONDA_EXE': 'S:\\Dev\\miniforge\\Scripts\\conda.exe', 'CONDA_PREFIX': 'S:\\Dev\\miniforge\\envs\\ros_env', 'CONDA_PREFIX_1': 'S:\\Dev\\miniforge', 'CONDA_PROMPT_MODIFIER': '(ros_env)', 'CONDA_PYTHON_EXE': 'S:\\Dev\\miniforge\\python.exe', 'CONDA_SHLVL': '2', 'CPATH': ';S:\\Dev\\miniforge\\envs\\ros_env\\Library\\include', 'CXX': 'cl.exe', 'DevEnvDir': 'S:\\Program files\\Microsoft Visual Studio\\2022\\Community\\Common7\\IDE\\', 'DISTUTILS_USE_SDK': '1', 'DriverData': 'C:\\Windows\\System32\\Drivers\\DriverData', 'ExtensionSdkDir': 'C:\\Program Files (x86)\\Microsoft SDKs\\Windows Kits\\10\\ExtensionSDKs', 'EXTERNAL_INCLUDE': 'S:\\Program files\\Microsoft Visual Studio\\2022\\Community\\VC\\Tools\\MSVC\\14.36.32532\\include;S:\\Program files\\Microsoft Visual Studio\\2022\\Community\\VC\\Tools\\MSVC\\14.36.32532\\ATLMFC\\include;S:\\Program files\\Microsoft Visual Studio\\2022\\Community\\VC\\Auxiliary\\VS\\include;C:\\Program Files (x86)\\Windows Kits\\10\\include\\10.0.22000.0\\ucrt;C:\\Program Files (x86)\\Windows Kits\\10\\\\include\\10.0.22000.0\\\\um;C:\\Program Files (x86)\\Windows Kits\\10\\\\include\\10.0.22000.0\\\\shared;C:\\Program Files (x86)\\Windows Kits\\10\\\\include\\10.0.22000.0\\\\winrt;C:\\Program Files (x86)\\Windows Kits\\10\\\\include\\10.0.22000.0\\\\cppwinrt;C:\\Program Files (x86)\\Windows Kits\\NETFXSDK\\4.8\\include\\um', 'Framework40Version': 'v4.0', 'FrameworkDir': 'C:\\Windows\\Microsoft.NET\\Framework64\\', 'FrameworkDir64': 'C:\\Windows\\Microsoft.NET\\Framework64\\', 'FrameworkVersion': 'v4.0.30319', 'FrameworkVersion64': 'v4.0.30319', 'FSHARPINSTALLDIR': 'S:\\Program files\\Microsoft Visual Studio\\2022\\Community\\Common7\\IDE\\CommonExtensions\\Microsoft\\FSharp\\Tools', 'HOMEDRIVE': 'C:', 'HOMEPATH': '\\Users\\Stefan', 'INCLUDE': 'S:\\Program files\\Microsoft Visual Studio\\2022\\Community\\VC\\Tools\\MSVC\\14.36.32532\\include;S:\\Program files\\Microsoft Visual Studio\\2022\\Community\\VC\\Tools\\MSVC\\14.36.32532\\ATLMFC\\include;S:\\Program files\\Microsoft Visual Studio\\2022\\Community\\VC\\Auxiliary\\VS\\include;C:\\Program Files (x86)\\Windows Kits\\10\\include\\10.0.22000.0\\ucrt;C:\\Program Files (x86)\\Windows Kits\\10\\\\include\\10.0.22000.0\\\\um;C:\\Program Files (x86)\\Windows Kits\\10\\\\include\\10.0.22000.0\\\\shared;C:\\Program Files (x86)\\Windows Kits\\10\\\\include\\10.0.22000.0\\\\winrt;C:\\Program Files (x86)\\Windows Kits\\10\\\\include\\10.0.22000.0\\\\cppwinrt;C:\\Program Files (x86)\\Windows Kits\\NETFXSDK\\4.8\\include\\um', 'LIB': 'S:\\Program files\\Microsoft Visual Studio\\2022\\Community\\VC\\Tools\\MSVC\\14.36.32532\\ATLMFC\\lib\\x64;S:\\Program files\\Microsoft Visual Studio\\2022\\Community\\VC\\Tools\\MSVC\\14.36.32532\\lib\\x64;C:\\Program Files (x86)\\Windows Kits\\NETFXSDK\\4.8\\lib\\um\\x64;C:\\Program Files (x86)\\Windows Kits\\10\\lib\\10.0.22000.0\\ucrt\\x64;C:\\Program Files (x86)\\Windows Kits\\10\\\\lib\\10.0.22000.0\\\\um\\x64;;S:\\Dev\\miniforge\\envs\\ros_env\\Library\\lib', 'LIBPATH': 'S:\\Program files\\Microsoft Visual Studio\\2022\\Community\\VC\\Tools\\MSVC\\14.36.32532\\ATLMFC\\lib\\x64;S:\\Program files\\Microsoft Visual Studio\\2022\\Community\\VC\\Tools\\MSVC\\14.36.32532\\lib\\x64;S:\\Program files\\Microsoft Visual Studio\\2022\\Community\\VC\\Tools\\MSVC\\14.36.32532\\lib\\x86\\store\\references;C:\\Program Files (x86)\\Windows Kits\\10\\UnionMetadata\\10.0.22000.0;C:\\Program Files (x86)\\Windows Kits\\10\\References\\10.0.22000.0;C:\\Windows\\Microsoft.NET\\Framework64\\v4.0.30319', 'LOCALAPPDATA': 'C:\\Users\\Stefan\\AppData\\Local', 'LOGONSERVER': '\\\\DESKTOP-CR9AE6D', 'MSSdk': '1', 'MSYS2_ARG_CONV_EXCL': '/AI;/AL;/OUT;/out', 'MSYS2_ENV_CONV_EXCL': 'CL', 'NETFXSDKDir': 'C:\\Program Files (x86)\\Windows Kits\\NETFXSDK\\4.8\\', 'NEWER_VS_WITH_OLDER_VC': '0', 'NUMBER_OF_PROCESSORS': '8', 'ONEAPI_ROOT': 'C:\\Program Files (x86)\\Intel\\oneAPI\\', 'OneDrive': 'F:\\OneDrive - Fakultet organizacionih nauka', 'OneDriveCommercial': 'F:\\OneDrive - Fakultet organizacionih nauka', 'OneDriveConsumer': 'C:\\Users\\Stefan\\OneDrive', 'OS': 'Windows_NT', 'Path': 'S:\\Program files\\Microsoft Visual Studio\\2022\\Community\\VC\\Tools\\MSVC\\14.36.32532\\bin\\HostX64\\x64;S:\\Program files\\Microsoft Visual Studio\\2022\\Community\\Common7\\IDE\\VC\\VCPackages;S:\\Program files\\Microsoft Visual Studio\\2022\\Community\\Common7\\IDE\\CommonExtensions\\Microsoft\\TestWindow;S:\\Program files\\Microsoft Visual Studio\\2022\\Community\\Common7\\IDE\\CommonExtensions\\Microsoft\\TeamFoundation\\Team Explorer;S:\\Program files\\Microsoft Visual Studio\\2022\\Community\\MSBuild\\Current\\bin\\Roslyn;S:\\Program files\\Microsoft Visual Studio\\2022\\Community\\Team Tools\\Performance Tools\\x64;S:\\Program files\\Microsoft Visual Studio\\2022\\Community\\Team Tools\\Performance Tools;C:\\Program Files (x86)\\Microsoft SDKs\\Windows\\v10.0A\\bin\\NETFX 4.8 Tools\\x64\\;S:\\Program files\\Microsoft Visual Studio\\2022\\Community\\Common7\\IDE\\CommonExtensions\\Microsoft\\FSharp\\Tools;C:\\Program Files (x86)\\Windows Kits\\10\\bin\\10.0.22000.0\\\\x64;C:\\Program Files (x86)\\Windows Kits\\10\\bin\\\\x64;S:\\Program files\\Microsoft Visual Studio\\2022\\Community\\\\MSBuild\\Current\\Bin\\amd64;C:\\Windows\\Microsoft.NET\\Framework64\\v4.0.30319;S:\\Program files\\Microsoft Visual Studio\\2022\\Community\\Common7\\IDE\\;S:\\Program files\\Microsoft Visual Studio\\2022\\Community\\Common7\\Tools\\;S:\\Dev\\miniforge\\envs\\ros_env\\Library\\opt\\rviz_ogre_vendor\\bin;S:\\Dev\\miniforge\\envs\\ros_env;S:\\Dev\\miniforge\\envs\\ros_env\\Library\\mingw-w64\\bin;S:\\Dev\\miniforge\\envs\\ros_env\\Library\\usr\\bin;S:\\Dev\\miniforge\\envs\\ros_env\\Library\\bin;S:\\Dev\\miniforge\\envs\\ros_env\\Scripts;S:\\Dev\\miniforge\\envs\\ros_env\\bin;S:\\Dev\\miniforge\\condabin;C:\\Python38\\Scripts;C:\\Python38;C:\\Program Files\\Common Files\\Oracle\\Java\\javapath;C:\\Program Files\\MySQL\\MySQL Utilities 1.6;C:\\Program Files\\Haskell\\bin;C:\\Program Files\\Haskell Platform\\8.6.5\\lib\\extralibs\\bin;C:\\Program Files\\Haskell Platform\\8.6.5\\bin;C:\\Windows\\system32;C:\\Windows;C:\\Windows\\System32\\Wbem;C:\\Windows\\System32\\WindowsPowerShell\\v1.0;C:\\Windows\\System32\\OpenSSH;C:\\TDM-GCC-64\\bin;C:\\Program Files\\Haskell Platform\\8.6.5\\mingw\\bin;C:\\Program Files\\Git\\cmd;C:\\Program Files\\Microsoft SQL Server\\130\\Tools\\Binn;C:\\Program Files\\Microsoft SQL Server\\Client SDK\\ODBC\\170\\Tools\\Binn;C:\\Program Files (x86)\\Microsoft SQL Server\\150\\DTS\\Binn;C:\\Program Files (x86)\\Microsoft SQL Server\\150\\Tools\\Binn;C:\\Program Files\\Microsoft SQL Server\\150\\Tools\\Binn;C:\\Program Files\\Microsoft SQL Server\\150\\DTS\\Binn;C:\\Program Files\\PostgreSQL\\13\\bin;S:\\Program files\\flutter_windows_2.2.3-stable\\flutter\\bin;C:\\Program Files\\Docker\\Docker\\resources\\bin;C:\\ProgramData\\DockerDesktop\\version-bin;S:\\Program files\\PuTTY;C:\\Program Files\\nodejs;S:\\Downloads\\nvim-win64;S:\\Downloads\\nvim-win64\\Neovim\\bin;C:\\Program Files\\dotnet;C:\\Program Files\\qemu;S:\\youtube-dl;C:\\ProgramData\\chocolatey\\bin;S:\\Downloads\\upx-3.96-win64;S:\\Downloads\\Strings;S:\\Program files\\Matlab\\runtime\\win64;S:\\Program files\\Matlab\\bin;S:\\Program files\\Matlab\\polyspace\\bin;C:\\Users\\Stefan\\AppData\\Local\\Programs\\Python\\Python310\\Scripts;C:\\Users\\Stefan\\AppData\\Local\\Programs\\Python\\Python310;C:\\Users\\Stefan\\.cargo\\bin;C:\\Users\\Stefan\\AppData\\Roaming\\cabal\\bin;C:\\Users\\Stefan\\AppData\\Roaming\\local\\bin;C:\\Users\\Stefan\\AppData\\Local\\Microsoft\\WindowsApps;C:\\Users\\Stefan\\AppData\\Local\\Programs\\Microsoft VS Code\\bin;C:\\TDM-GCC-64\\x86_64-w64-mingw32\\bin;C:\\Users\\Stefan\\AppData\\Local\\GitHubDesktop\\bin;C:\\Users\\Stefan\\.dotnet\\tools;C:\\Users\\Stefan\\AppData\\Roaming\\npm;S:\\Program files\\heroku\\bin;S:\\Program files\\Microsoft Visual Studio\\2022\\Community\\Common7\\IDE\\VC\\Linux\\bin\\ConnectionManagerExe;S:\\Program files\\Microsoft Visual Studio\\2022\\Community\\VC\\vcpkg', 'PATHEXT': '.COM;.EXE;.BAT;.CMD;.VBS;.VBE;.JS;.JSE;.WSF;.WSH;.MSC;.PY;.PYW', 'Platform': 'x64', 'PROCESSOR_ARCHITECTURE': 'AMD64', 'PROCESSOR_IDENTIFIER': 'AMD64 Family 23 Model 17 Stepping 0, AuthenticAMD', 'PROCESSOR_LEVEL': '23', 'PROCESSOR_REVISION': '1100', 'ProgramData': 'C:\\ProgramData', 'ProgramFiles': 'C:\\Program Files', 'ProgramFiles(x86)': 'C:\\Program Files (x86)', 'ProgramW6432': 'C:\\Program Files', 'PROJ_DATA': 'S:\\Dev\\miniforge\\envs\\ros_env\\Library\\share\\proj', 'PROJ_NETWORK': 'ON', 'PROMPT': '(ros_env) $P$G', 'PSModulePath': 'C:\\Program Files\\WindowsPowerShell\\Modules;C:\\Windows\\system32\\WindowsPowerShell\\v1.0\\Modules;C:\\Program Files (x86)\\Microsoft SQL Server\\150\\Tools\\PowerShell\\Modules\\', 'PUBLIC': 'C:\\Users\\Public', 'PYTHONPATH': 'S:\\Dev\\fonbot_ws\\build\\joint_state_publisher_gui;S:\\Dev\\fonbot_ws\\install\\joint_state_publisher_gui\\Lib\\site-packages;S:\\Dev\\fonbot_ws\\build\\joint_state_publisher;S:\\Dev\\fonbot_ws\\install\\joint_state_publisher\\Lib\\site-packages;S:\\Dev\\miniforge\\envs\\ros_env\\Library\\lib/site-packages;S:/Dev/miniforge/envs/ros_env\\Lib\\site-packages', 'PY_VCRUNTIME_REDIST': '\\bin\\vcruntime140.dll', 'QT_PLUGIN_PATH': 'S:\\Dev\\miniforge\\envs\\ros_env\\Library\\plugins', 'ROS_DISTRO': 'humble', 'ROS_ETC_DIR': 'S:\\Dev\\miniforge\\envs\\ros_env\\Library\\etc\\ros', 'ROS_LOCALHOST_ONLY': '0', 'ROS_OS_OVERRIDE': 'conda:win64', 'ROS_PYTHON_VERSION': '3', 'ROS_VERSION': '2', 'STACK_ROOT': 'C:\\sr', 'SystemDrive': 'C:', 'SystemRoot': 'C:\\Windows', 'TEMP': 'C:\\Users\\Stefan\\AppData\\Local\\Temp', 'TMP': 'C:\\Users\\Stefan\\AppData\\Local\\Temp', 'UCRTVersion': '10.0.22000.0', 'UniversalCRTSdkDir': 'C:\\Program Files (x86)\\Windows Kits\\10\\', 'USERDOMAIN': 'DESKTOP-CR9AE6D', 'USERDOMAIN_ROAMINGPROFILE': 'DESKTOP-CR9AE6D', 'USERNAME': 'Stefan', 'USERPROFILE': 'C:\\Users\\Stefan', 'USE_NEW_CMAKE_GEN_SYNTAX': '1', 'VBOX_HWVIRTEX_IGNORE_SVM_IN_USE': '1', 'VBOX_MSI_INSTALL_PATH': 'S:\\Program files\\VirtualBox\\', 'VCIDEInstallDir': 'S:\\Program files\\Microsoft Visual Studio\\2022\\Community\\Common7\\IDE\\VC\\', 'VCINSTALLDIR': 'S:\\Program files\\Microsoft Visual Studio\\2022\\Community\\VC\\', 'VCPKG_ROOT': 'S:\\Program files\\Microsoft Visual Studio\\2022\\Community\\VC\\vcpkg', 'VCToolsInstallDir': 'S:\\Program files\\Microsoft Visual Studio\\2022\\Community\\VC\\Tools\\MSVC\\14.36.32532\\', 'VCToolsRedistDir': 'S:\\Program files\\Microsoft Visual Studio\\2022\\Community\\VC\\Redist\\MSVC\\14.36.32532\\', 'VCToolsVersion': '14.36.32532', 'VCVARSBAT': '64', 'VisualStudioVersion': '17.0', 'VS170COMNTOOLS': 'S:\\Program files\\Microsoft Visual Studio\\2022\\Community\\Common7\\Tools\\', 'VS2017INSTALLDIR': 'S:\\Program files\\Microsoft Visual Studio\\2017\\Community', 'VS2019INSTALLDIR': 'C:\\Program Files (x86)\\Microsoft Visual Studio\\2019\\Community', 'VS2022INSTALLDIR': 'S:\\Program files\\Microsoft Visual Studio\\2022\\Community', 'VSCMD_ARG_app_plat': 'Desktop', 'VSCMD_ARG_HOST_ARCH': 'x64', 'VSCMD_ARG_TGT_ARCH': 'x64', 'VSCMD_ARG_VCVARS_VER': '14.36', 'VSCMD_ARG_winsdk': '10.0.22000.0', 'VSCMD_VER': '17.6.5', 'VSINSTALLDIR': 'S:\\Program files\\Microsoft Visual Studio\\2022\\Community\\', 'VS_MAJOR': '17', 'VS_VERSION': '17.0', 'VS_YEAR': '2022', 'windir': 'C:\\Windows', 'WindowsLibPath': 'C:\\Program Files (x86)\\Windows Kits\\10\\UnionMetadata\\10.0.22000.0;C:\\Program Files (x86)\\Windows Kits\\10\\References\\10.0.22000.0', 'WindowsSdkBinPath': 'C:\\Program Files (x86)\\Windows Kits\\10\\bin\\', 'WindowsSdkDir': 'C:\\Program Files (x86)\\Windows Kits\\10\\', 'WindowsSDKLibVersion': '10.0.22000.0\\', 'WindowsSDKVer': '10.0.22000.0', 'WindowsSdkVerBinPath': 'C:\\Program Files (x86)\\Windows Kits\\10\\bin\\10.0.22000.0\\', 'WindowsSDKVersion': '10.0.22000.0\\', 'WindowsSDK_ExecutablePath_x64': 'C:\\Program Files (x86)\\Microsoft SDKs\\Windows\\v10.0A\\bin\\NETFX 4.8 Tools\\x64\\', 'WindowsSDK_ExecutablePath_x86': 'C:\\Program Files (x86)\\Microsoft SDKs\\Windows\\v10.0A\\bin\\NETFX 4.8 Tools\\', 'WSLENV': 'WT_SESSION::WT_PROFILE_ID', 'WT_PROFILE_ID': '{5c0b7ffe-caac-45c3-b498-b387f945bbb6}', 'WT_SESSION': '803680f5-44b9-47e0-a12d-99ecc917f2ae', 'XML_CATALOG_FILES': 'file:///S:/Dev/miniforge/envs/ros_env/etc/xml/catalog', '__DOTNET_ADD_64BIT': '1', '__DOTNET_PREFERRED_BITNESS': '64', '__VSCMD_PREINIT_PATH': 'S:\\Dev\\miniforge\\envs\\ros_env\\Library\\opt\\rviz_ogre_vendor\\bin;S:\\Dev\\miniforge\\envs\\ros_env;S:\\Dev\\miniforge\\envs\\ros_env\\Library\\mingw-w64\\bin;S:\\Dev\\miniforge\\envs\\ros_env\\Library\\usr\\bin;S:\\Dev\\miniforge\\envs\\ros_env\\Library\\bin;S:\\Dev\\miniforge\\envs\\ros_env\\Scripts;S:\\Dev\\miniforge\\envs\\ros_env\\bin;S:\\Dev\\miniforge\\condabin;C:\\Python38\\Scripts;C:\\Python38;C:\\Program Files\\Common Files\\Oracle\\Java\\javapath;C:\\Program Files\\MySQL\\MySQL Utilities 1.6;C:\\Program Files\\Haskell\\bin;C:\\Program Files\\Haskell Platform\\8.6.5\\lib\\extralibs\\bin;C:\\Program Files\\Haskell Platform\\8.6.5\\bin;C:\\Windows\\system32;C:\\Windows;C:\\Windows\\System32\\Wbem;C:\\Windows\\System32\\WindowsPowerShell\\v1.0;C:\\Windows\\System32\\OpenSSH;C:\\TDM-GCC-64\\bin;C:\\Program Files\\Haskell Platform\\8.6.5\\mingw\\bin;C:\\Program Files\\Git\\cmd;C:\\Program Files\\Microsoft SQL Server\\130\\Tools\\Binn;C:\\Program Files\\Microsoft SQL Server\\Client SDK\\ODBC\\170\\Tools\\Binn;C:\\Program Files (x86)\\Microsoft SQL Server\\150\\DTS\\Binn;C:\\Program Files (x86)\\Microsoft SQL Server\\150\\Tools\\Binn;C:\\Program Files\\Microsoft SQL Server\\150\\Tools\\Binn;C:\\Program Files\\Microsoft SQL Server\\150\\DTS\\Binn;C:\\Program Files\\PostgreSQL\\13\\bin;S:\\Program files\\flutter_windows_2.2.3-stable\\flutter\\bin;C:\\Program Files\\Docker\\Docker\\resources\\bin;C:\\ProgramData\\DockerDesktop\\version-bin;S:\\Program files\\PuTTY;C:\\Program Files\\nodejs;S:\\Downloads\\nvim-win64;S:\\Downloads\\nvim-win64\\Neovim\\bin;C:\\Program Files\\dotnet;C:\\Program Files\\qemu;S:\\youtube-dl;C:\\ProgramData\\chocolatey\\bin;S:\\Downloads\\upx-3.96-win64;S:\\Downloads\\Strings;S:\\Program files\\Matlab\\runtime\\win64;S:\\Program files\\Matlab\\bin;S:\\Program files\\Matlab\\polyspace\\bin;C:\\Users\\Stefan\\AppData\\Local\\Programs\\Python\\Python310\\Scripts;C:\\Users\\Stefan\\AppData\\Local\\Programs\\Python\\Python310;C:\\Users\\Stefan\\.cargo\\bin;C:\\Users\\Stefan\\AppData\\Roaming\\cabal\\bin;C:\\Users\\Stefan\\AppData\\Roaming\\local\\bin;C:\\Users\\Stefan\\AppData\\Local\\Microsoft\\WindowsApps;C:\\Users\\Stefan\\AppData\\Local\\Programs\\Microsoft VS Code\\bin;C:\\TDM-GCC-64\\x86_64-w64-mingw32\\bin;C:\\Users\\Stefan\\AppData\\Local\\GitHubDesktop\\bin;C:\\Users\\Stefan\\.dotnet\\tools;C:\\Users\\Stefan\\AppData\\Roaming\\npm;S:\\Program files\\heroku\\bin', 'CL': '/MP'}, 'shell': False}
[22.703000] (-) TimerEvent: {}
[22.812000] (-) TimerEvent: {}
[22.922000] (fonbot_package) StdoutLine: {'line': b'MSBuild version 17.6.3+07e294721 for .NET Framework\r\n'}
[22.922000] (-) TimerEvent: {}
[22.984000] (fonbot_package) StdoutLine: {'line': b'\r\n'}
[23.031000] (-) TimerEvent: {}
[23.156000] (-) TimerEvent: {}
[23.281000] (-) TimerEvent: {}
[23.391000] (-) TimerEvent: {}
[23.500000] (-) TimerEvent: {}
[23.609000] (-) TimerEvent: {}
[23.656000] (fonbot_package) StdoutLine: {'line': b'  Checking Build System\r\n'}
[23.734000] (-) TimerEvent: {}
[23.859000] (-) TimerEvent: {}
[23.906000] (fonbot_package) StdoutLine: {'line': b'  Building Custom Rule S:/Dev/fonbot_ws/src/fonbot_package/CMakeLists.txt\r\n'}
[23.969000] (-) TimerEvent: {}
[24.094000] (-) TimerEvent: {}
[24.094000] (fonbot_package) CommandEnded: {'returncode': 0}
[24.094000] (fonbot_package) JobProgress: {'identifier': 'fonbot_package', 'progress': 'install'}
[24.141000] (fonbot_package) Command: {'cmd': ['S:\\Dev\\miniforge\\envs\\ros_env\\Library\\bin\\cmake.EXE', '--install', 'S:\\Dev\\fonbot_ws\\src\\fonbot_package\\build\\fonbot_package', '--config', 'Release'], 'cwd': 'S:\\Dev\\fonbot_ws\\src\\fonbot_package\\build\\fonbot_package', 'env': OrderedDict([('ALLUSERSPROFILE', 'C:\\ProgramData'), ('AMENT_PREFIX_PATH', 'S:\\Dev\\fonbot_ws\\install\\joint_state_publisher_gui;S:\\Dev\\fonbot_ws\\install\\joint_state_publisher;S:\\Dev\\fonbot_ws\\install\\fonbot_package;S:\\Dev\\miniforge\\envs\\ros_env\\Library'), ('AMENT_PYTHON_EXECUTABLE', 'S:\\Dev\\miniforge\\envs\\ros_env\\Library\\python.exe'), ('APPDATA', 'C:\\Users\\Stefan\\AppData\\Roaming'), ('CC', 'cl.exe'), ('ChocolateyInstall', 'C:\\ProgramData\\chocolatey'), ('ChocolateyLastPathUpdate', '133338568889027379'), ('CMAKE_ARGS', '-DCMAKE_BUILD_TYPE=Release'), ('CMAKE_GEN', 'Visual Studio 17 2022'), ('CMAKE_GENERATOR', 'Visual Studio 16 2019'), ('CMAKE_GENERATOR_PLATFORM', 'x64'), ('CMAKE_GENERATOR_TOOLSET', 'v142'), ('CMAKE_PLAT', 'x64'), ('CMAKE_PREFIX_PATH', 'S:\\Dev\\fonbot_ws\\install\\fonbot_package;S:\\Dev\\fonbot_ws\\install\\joint_state_publisher_gui;S:\\Dev\\fonbot_ws\\install\\joint_state_publisher;S:\\Dev\\miniforge\\envs\\ros_env\\Library'), ('COLCON', '1'), ('COLCON_PREFIX_PATH', 'S:\\Dev\\fonbot_ws\\install\\'), ('CommandPromptType', 'Native'), ('CommonProgramFiles', 'C:\\Program Files\\Common Files'), ('CommonProgramFiles(x86)', 'C:\\Program Files (x86)\\Common Files'), ('CommonProgramW6432', 'C:\\Program Files\\Common Files'), ('COMPUTERNAME', 'DESKTOP-CR9AE6D'), ('ComSpec', 'C:\\Windows\\system32\\cmd.exe'), ('CONDA_BUILD_CROSS_COMPILATION', '0'), ('CONDA_DEFAULT_ENV', 'ros_env'), ('CONDA_EXE', 'S:\\Dev\\miniforge\\Scripts\\conda.exe'), ('CONDA_PREFIX', 'S:\\Dev\\miniforge\\envs\\ros_env'), ('CONDA_PREFIX_1', 'S:\\Dev\\miniforge'), ('CONDA_PROMPT_MODIFIER', '(ros_env)'), ('CONDA_PYTHON_EXE', 'S:\\Dev\\miniforge\\python.exe'), ('CONDA_SHLVL', '2'), ('CPATH', ';S:\\Dev\\miniforge\\envs\\ros_env\\Library\\include'), ('CXX', 'cl.exe'), ('DevEnvDir', 'S:\\Program files\\Microsoft Visual Studio\\2022\\Community\\Common7\\IDE\\'), ('DISTUTILS_USE_SDK', '1'), ('DriverData', 'C:\\Windows\\System32\\Drivers\\DriverData'), ('ExtensionSdkDir', 'C:\\Program Files (x86)\\Microsoft SDKs\\Windows Kits\\10\\ExtensionSDKs'), ('EXTERNAL_INCLUDE', 'S:\\Program files\\Microsoft Visual Studio\\2022\\Community\\VC\\Tools\\MSVC\\14.36.32532\\include;S:\\Program files\\Microsoft Visual Studio\\2022\\Community\\VC\\Tools\\MSVC\\14.36.32532\\ATLMFC\\include;S:\\Program files\\Microsoft Visual Studio\\2022\\Community\\VC\\Auxiliary\\VS\\include;C:\\Program Files (x86)\\Windows Kits\\10\\include\\10.0.22000.0\\ucrt;C:\\Program Files (x86)\\Windows Kits\\10\\\\include\\10.0.22000.0\\\\um;C:\\Program Files (x86)\\Windows Kits\\10\\\\include\\10.0.22000.0\\\\shared;C:\\Program Files (x86)\\Windows Kits\\10\\\\include\\10.0.22000.0\\\\winrt;C:\\Program Files (x86)\\Windows Kits\\10\\\\include\\10.0.22000.0\\\\cppwinrt;C:\\Program Files (x86)\\Windows Kits\\NETFXSDK\\4.8\\include\\um'), ('Framework40Version', 'v4.0'), ('FrameworkDir', 'C:\\Windows\\Microsoft.NET\\Framework64\\'), ('FrameworkDir64', 'C:\\Windows\\Microsoft.NET\\Framework64\\'), ('FrameworkVersion', 'v4.0.30319'), ('FrameworkVersion64', 'v4.0.30319'), ('FSHARPINSTALLDIR', 'S:\\Program files\\Microsoft Visual Studio\\2022\\Community\\Common7\\IDE\\CommonExtensions\\Microsoft\\FSharp\\Tools'), ('HOMEDRIVE', 'C:'), ('HOMEPATH', '\\Users\\Stefan'), ('INCLUDE', 'S:\\Program files\\Microsoft Visual Studio\\2022\\Community\\VC\\Tools\\MSVC\\14.36.32532\\include;S:\\Program files\\Microsoft Visual Studio\\2022\\Community\\VC\\Tools\\MSVC\\14.36.32532\\ATLMFC\\include;S:\\Program files\\Microsoft Visual Studio\\2022\\Community\\VC\\Auxiliary\\VS\\include;C:\\Program Files (x86)\\Windows Kits\\10\\include\\10.0.22000.0\\ucrt;C:\\Program Files (x86)\\Windows Kits\\10\\\\include\\10.0.22000.0\\\\um;C:\\Program Files (x86)\\Windows Kits\\10\\\\include\\10.0.22000.0\\\\shared;C:\\Program Files (x86)\\Windows Kits\\10\\\\include\\10.0.22000.0\\\\winrt;C:\\Program Files (x86)\\Windows Kits\\10\\\\include\\10.0.22000.0\\\\cppwinrt;C:\\Program Files (x86)\\Windows Kits\\NETFXSDK\\4.8\\include\\um'), ('LIB', 'S:\\Program files\\Microsoft Visual Studio\\2022\\Community\\VC\\Tools\\MSVC\\14.36.32532\\ATLMFC\\lib\\x64;S:\\Program files\\Microsoft Visual Studio\\2022\\Community\\VC\\Tools\\MSVC\\14.36.32532\\lib\\x64;C:\\Program Files (x86)\\Windows Kits\\NETFXSDK\\4.8\\lib\\um\\x64;C:\\Program Files (x86)\\Windows Kits\\10\\lib\\10.0.22000.0\\ucrt\\x64;C:\\Program Files (x86)\\Windows Kits\\10\\\\lib\\10.0.22000.0\\\\um\\x64;;S:\\Dev\\miniforge\\envs\\ros_env\\Library\\lib'), ('LIBPATH', 'S:\\Program files\\Microsoft Visual Studio\\2022\\Community\\VC\\Tools\\MSVC\\14.36.32532\\ATLMFC\\lib\\x64;S:\\Program files\\Microsoft Visual Studio\\2022\\Community\\VC\\Tools\\MSVC\\14.36.32532\\lib\\x64;S:\\Program files\\Microsoft Visual Studio\\2022\\Community\\VC\\Tools\\MSVC\\14.36.32532\\lib\\x86\\store\\references;C:\\Program Files (x86)\\Windows Kits\\10\\UnionMetadata\\10.0.22000.0;C:\\Program Files (x86)\\Windows Kits\\10\\References\\10.0.22000.0;C:\\Windows\\Microsoft.NET\\Framework64\\v4.0.30319'), ('LOCALAPPDATA', 'C:\\Users\\Stefan\\AppData\\Local'), ('LOGONSERVER', '\\\\DESKTOP-CR9AE6D'), ('MSSdk', '1'), ('MSYS2_ARG_CONV_EXCL', '/AI;/AL;/OUT;/out'), ('MSYS2_ENV_CONV_EXCL', 'CL'), ('NETFXSDKDir', 'C:\\Program Files (x86)\\Windows Kits\\NETFXSDK\\4.8\\'), ('NEWER_VS_WITH_OLDER_VC', '0'), ('NUMBER_OF_PROCESSORS', '8'), ('ONEAPI_ROOT', 'C:\\Program Files (x86)\\Intel\\oneAPI\\'), ('OneDrive', 'F:\\OneDrive - Fakultet organizacionih nauka'), ('OneDriveCommercial', 'F:\\OneDrive - Fakultet organizacionih nauka'), ('OneDriveConsumer', 'C:\\Users\\Stefan\\OneDrive'), ('OS', 'Windows_NT'), ('Path', 'S:\\Program files\\Microsoft Visual Studio\\2022\\Community\\VC\\Tools\\MSVC\\14.36.32532\\bin\\HostX64\\x64;S:\\Program files\\Microsoft Visual Studio\\2022\\Community\\Common7\\IDE\\VC\\VCPackages;S:\\Program files\\Microsoft Visual Studio\\2022\\Community\\Common7\\IDE\\CommonExtensions\\Microsoft\\TestWindow;S:\\Program files\\Microsoft Visual Studio\\2022\\Community\\Common7\\IDE\\CommonExtensions\\Microsoft\\TeamFoundation\\Team Explorer;S:\\Program files\\Microsoft Visual Studio\\2022\\Community\\MSBuild\\Current\\bin\\Roslyn;S:\\Program files\\Microsoft Visual Studio\\2022\\Community\\Team Tools\\Performance Tools\\x64;S:\\Program files\\Microsoft Visual Studio\\2022\\Community\\Team Tools\\Performance Tools;C:\\Program Files (x86)\\Microsoft SDKs\\Windows\\v10.0A\\bin\\NETFX 4.8 Tools\\x64\\;S:\\Program files\\Microsoft Visual Studio\\2022\\Community\\Common7\\IDE\\CommonExtensions\\Microsoft\\FSharp\\Tools;C:\\Program Files (x86)\\Windows Kits\\10\\bin\\10.0.22000.0\\\\x64;C:\\Program Files (x86)\\Windows Kits\\10\\bin\\\\x64;S:\\Program files\\Microsoft Visual Studio\\2022\\Community\\\\MSBuild\\Current\\Bin\\amd64;C:\\Windows\\Microsoft.NET\\Framework64\\v4.0.30319;S:\\Program files\\Microsoft Visual Studio\\2022\\Community\\Common7\\IDE\\;S:\\Program files\\Microsoft Visual Studio\\2022\\Community\\Common7\\Tools\\;S:\\Dev\\miniforge\\envs\\ros_env\\Library\\opt\\rviz_ogre_vendor\\bin;S:\\Dev\\miniforge\\envs\\ros_env;S:\\Dev\\miniforge\\envs\\ros_env\\Library\\mingw-w64\\bin;S:\\Dev\\miniforge\\envs\\ros_env\\Library\\usr\\bin;S:\\Dev\\miniforge\\envs\\ros_env\\Library\\bin;S:\\Dev\\miniforge\\envs\\ros_env\\Scripts;S:\\Dev\\miniforge\\envs\\ros_env\\bin;S:\\Dev\\miniforge\\condabin;C:\\Python38\\Scripts;C:\\Python38;C:\\Program Files\\Common Files\\Oracle\\Java\\javapath;C:\\Program Files\\MySQL\\MySQL Utilities 1.6;C:\\Program Files\\Haskell\\bin;C:\\Program Files\\Haskell Platform\\8.6.5\\lib\\extralibs\\bin;C:\\Program Files\\Haskell Platform\\8.6.5\\bin;C:\\Windows\\system32;C:\\Windows;C:\\Windows\\System32\\Wbem;C:\\Windows\\System32\\WindowsPowerShell\\v1.0;C:\\Windows\\System32\\OpenSSH;C:\\TDM-GCC-64\\bin;C:\\Program Files\\Haskell Platform\\8.6.5\\mingw\\bin;C:\\Program Files\\Git\\cmd;C:\\Program Files\\Microsoft SQL Server\\130\\Tools\\Binn;C:\\Program Files\\Microsoft SQL Server\\Client SDK\\ODBC\\170\\Tools\\Binn;C:\\Program Files (x86)\\Microsoft SQL Server\\150\\DTS\\Binn;C:\\Program Files (x86)\\Microsoft SQL Server\\150\\Tools\\Binn;C:\\Program Files\\Microsoft SQL Server\\150\\Tools\\Binn;C:\\Program Files\\Microsoft SQL Server\\150\\DTS\\Binn;C:\\Program Files\\PostgreSQL\\13\\bin;S:\\Program files\\flutter_windows_2.2.3-stable\\flutter\\bin;C:\\Program Files\\Docker\\Docker\\resources\\bin;C:\\ProgramData\\DockerDesktop\\version-bin;S:\\Program files\\PuTTY;C:\\Program Files\\nodejs;S:\\Downloads\\nvim-win64;S:\\Downloads\\nvim-win64\\Neovim\\bin;C:\\Program Files\\dotnet;C:\\Program Files\\qemu;S:\\youtube-dl;C:\\ProgramData\\chocolatey\\bin;S:\\Downloads\\upx-3.96-win64;S:\\Downloads\\Strings;S:\\Program files\\Matlab\\runtime\\win64;S:\\Program files\\Matlab\\bin;S:\\Program files\\Matlab\\polyspace\\bin;C:\\Users\\Stefan\\AppData\\Local\\Programs\\Python\\Python310\\Scripts;C:\\Users\\Stefan\\AppData\\Local\\Programs\\Python\\Python310;C:\\Users\\Stefan\\.cargo\\bin;C:\\Users\\Stefan\\AppData\\Roaming\\cabal\\bin;C:\\Users\\Stefan\\AppData\\Roaming\\local\\bin;C:\\Users\\Stefan\\AppData\\Local\\Microsoft\\WindowsApps;C:\\Users\\Stefan\\AppData\\Local\\Programs\\Microsoft VS Code\\bin;C:\\TDM-GCC-64\\x86_64-w64-mingw32\\bin;C:\\Users\\Stefan\\AppData\\Local\\GitHubDesktop\\bin;C:\\Users\\Stefan\\.dotnet\\tools;C:\\Users\\Stefan\\AppData\\Roaming\\npm;S:\\Program files\\heroku\\bin;S:\\Program files\\Microsoft Visual Studio\\2022\\Community\\Common7\\IDE\\VC\\Linux\\bin\\ConnectionManagerExe;S:\\Program files\\Microsoft Visual Studio\\2022\\Community\\VC\\vcpkg'), ('PATHEXT', '.COM;.EXE;.BAT;.CMD;.VBS;.VBE;.JS;.JSE;.WSF;.WSH;.MSC;.PY;.PYW'), ('Platform', 'x64'), ('PROCESSOR_ARCHITECTURE', 'AMD64'), ('PROCESSOR_IDENTIFIER', 'AMD64 Family 23 Model 17 Stepping 0, AuthenticAMD'), ('PROCESSOR_LEVEL', '23'), ('PROCESSOR_REVISION', '1100'), ('ProgramData', 'C:\\ProgramData'), ('ProgramFiles', 'C:\\Program Files'), ('ProgramFiles(x86)', 'C:\\Program Files (x86)'), ('ProgramW6432', 'C:\\Program Files'), ('PROJ_DATA', 'S:\\Dev\\miniforge\\envs\\ros_env\\Library\\share\\proj'), ('PROJ_NETWORK', 'ON'), ('PROMPT', '(ros_env) $P$G'), ('PSModulePath', 'C:\\Program Files\\WindowsPowerShell\\Modules;C:\\Windows\\system32\\WindowsPowerShell\\v1.0\\Modules;C:\\Program Files (x86)\\Microsoft SQL Server\\150\\Tools\\PowerShell\\Modules\\'), ('PUBLIC', 'C:\\Users\\Public'), ('PYTHONPATH', 'S:\\Dev\\fonbot_ws\\build\\joint_state_publisher_gui;S:\\Dev\\fonbot_ws\\install\\joint_state_publisher_gui\\Lib\\site-packages;S:\\Dev\\fonbot_ws\\build\\joint_state_publisher;S:\\Dev\\fonbot_ws\\install\\joint_state_publisher\\Lib\\site-packages;S:\\Dev\\miniforge\\envs\\ros_env\\Library\\lib/site-packages;S:/Dev/miniforge/envs/ros_env\\Lib\\site-packages'), ('PY_VCRUNTIME_REDIST', '\\bin\\vcruntime140.dll'), ('QT_PLUGIN_PATH', 'S:\\Dev\\miniforge\\envs\\ros_env\\Library\\plugins'), ('ROS_DISTRO', 'humble'), ('ROS_ETC_DIR', 'S:\\Dev\\miniforge\\envs\\ros_env\\Library\\etc\\ros'), ('ROS_LOCALHOST_ONLY', '0'), ('ROS_OS_OVERRIDE', 'conda:win64'), ('ROS_PYTHON_VERSION', '3'), ('ROS_VERSION', '2'), ('STACK_ROOT', 'C:\\sr'), ('SystemDrive', 'C:'), ('SystemRoot', 'C:\\Windows'), ('TEMP', 'C:\\Users\\Stefan\\AppData\\Local\\Temp'), ('TMP', 'C:\\Users\\Stefan\\AppData\\Local\\Temp'), ('UCRTVersion', '10.0.22000.0'), ('UniversalCRTSdkDir', 'C:\\Program Files (x86)\\Windows Kits\\10\\'), ('USERDOMAIN', 'DESKTOP-CR9AE6D'), ('USERDOMAIN_ROAMINGPROFILE', 'DESKTOP-CR9AE6D'), ('USERNAME', 'Stefan'), ('USERPROFILE', 'C:\\Users\\Stefan'), ('USE_NEW_CMAKE_GEN_SYNTAX', '1'), ('VBOX_HWVIRTEX_IGNORE_SVM_IN_USE', '1'), ('VBOX_MSI_INSTALL_PATH', 'S:\\Program files\\VirtualBox\\'), ('VCIDEInstallDir', 'S:\\Program files\\Microsoft Visual Studio\\2022\\Community\\Common7\\IDE\\VC\\'), ('VCINSTALLDIR', 'S:\\Program files\\Microsoft Visual Studio\\2022\\Community\\VC\\'), ('VCPKG_ROOT', 'S:\\Program files\\Microsoft Visual Studio\\2022\\Community\\VC\\vcpkg'), ('VCToolsInstallDir', 'S:\\Program files\\Microsoft Visual Studio\\2022\\Community\\VC\\Tools\\MSVC\\14.36.32532\\'), ('VCToolsRedistDir', 'S:\\Program files\\Microsoft Visual Studio\\2022\\Community\\VC\\Redist\\MSVC\\14.36.32532\\'), ('VCToolsVersion', '14.36.32532'), ('VCVARSBAT', '64'), ('VisualStudioVersion', '17.0'), ('VS170COMNTOOLS', 'S:\\Program files\\Microsoft Visual Studio\\2022\\Community\\Common7\\Tools\\'), ('VS2017INSTALLDIR', 'S:\\Program files\\Microsoft Visual Studio\\2017\\Community'), ('VS2019INSTALLDIR', 'C:\\Program Files (x86)\\Microsoft Visual Studio\\2019\\Community'), ('VS2022INSTALLDIR', 'S:\\Program files\\Microsoft Visual Studio\\2022\\Community'), ('VSCMD_ARG_app_plat', 'Desktop'), ('VSCMD_ARG_HOST_ARCH', 'x64'), ('VSCMD_ARG_TGT_ARCH', 'x64'), ('VSCMD_ARG_VCVARS_VER', '14.36'), ('VSCMD_ARG_winsdk', '10.0.22000.0'), ('VSCMD_VER', '17.6.5'), ('VSINSTALLDIR', 'S:\\Program files\\Microsoft Visual Studio\\2022\\Community\\'), ('VS_MAJOR', '17'), ('VS_VERSION', '17.0'), ('VS_YEAR', '2022'), ('windir', 'C:\\Windows'), ('WindowsLibPath', 'C:\\Program Files (x86)\\Windows Kits\\10\\UnionMetadata\\10.0.22000.0;C:\\Program Files (x86)\\Windows Kits\\10\\References\\10.0.22000.0'), ('WindowsSdkBinPath', 'C:\\Program Files (x86)\\Windows Kits\\10\\bin\\'), ('WindowsSdkDir', 'C:\\Program Files (x86)\\Windows Kits\\10\\'), ('WindowsSDKLibVersion', '10.0.22000.0\\'), ('WindowsSDKVer', '10.0.22000.0'), ('WindowsSdkVerBinPath', 'C:\\Program Files (x86)\\Windows Kits\\10\\bin\\10.0.22000.0\\'), ('WindowsSDKVersion', '10.0.22000.0\\'), ('WindowsSDK_ExecutablePath_x64', 'C:\\Program Files (x86)\\Microsoft SDKs\\Windows\\v10.0A\\bin\\NETFX 4.8 Tools\\x64\\'), ('WindowsSDK_ExecutablePath_x86', 'C:\\Program Files (x86)\\Microsoft SDKs\\Windows\\v10.0A\\bin\\NETFX 4.8 Tools\\'), ('WSLENV', 'WT_SESSION::WT_PROFILE_ID'), ('WT_PROFILE_ID', '{5c0b7ffe-caac-45c3-b498-b387f945bbb6}'), ('WT_SESSION', '803680f5-44b9-47e0-a12d-99ecc917f2ae'), ('XML_CATALOG_FILES', 'file:///S:/Dev/miniforge/envs/ros_env/etc/xml/catalog'), ('__DOTNET_ADD_64BIT', '1'), ('__DOTNET_PREFERRED_BITNESS', '64'), ('__VSCMD_PREINIT_PATH', 'S:\\Dev\\miniforge\\envs\\ros_env\\Library\\opt\\rviz_ogre_vendor\\bin;S:\\Dev\\miniforge\\envs\\ros_env;S:\\Dev\\miniforge\\envs\\ros_env\\Library\\mingw-w64\\bin;S:\\Dev\\miniforge\\envs\\ros_env\\Library\\usr\\bin;S:\\Dev\\miniforge\\envs\\ros_env\\Library\\bin;S:\\Dev\\miniforge\\envs\\ros_env\\Scripts;S:\\Dev\\miniforge\\envs\\ros_env\\bin;S:\\Dev\\miniforge\\condabin;C:\\Python38\\Scripts;C:\\Python38;C:\\Program Files\\Common Files\\Oracle\\Java\\javapath;C:\\Program Files\\MySQL\\MySQL Utilities 1.6;C:\\Program Files\\Haskell\\bin;C:\\Program Files\\Haskell Platform\\8.6.5\\lib\\extralibs\\bin;C:\\Program Files\\Haskell Platform\\8.6.5\\bin;C:\\Windows\\system32;C:\\Windows;C:\\Windows\\System32\\Wbem;C:\\Windows\\System32\\WindowsPowerShell\\v1.0;C:\\Windows\\System32\\OpenSSH;C:\\TDM-GCC-64\\bin;C:\\Program Files\\Haskell Platform\\8.6.5\\mingw\\bin;C:\\Program Files\\Git\\cmd;C:\\Program Files\\Microsoft SQL Server\\130\\Tools\\Binn;C:\\Program Files\\Microsoft SQL Server\\Client SDK\\ODBC\\170\\Tools\\Binn;C:\\Program Files (x86)\\Microsoft SQL Server\\150\\DTS\\Binn;C:\\Program Files (x86)\\Microsoft SQL Server\\150\\Tools\\Binn;C:\\Program Files\\Microsoft SQL Server\\150\\Tools\\Binn;C:\\Program Files\\Microsoft SQL Server\\150\\DTS\\Binn;C:\\Program Files\\PostgreSQL\\13\\bin;S:\\Program files\\flutter_windows_2.2.3-stable\\flutter\\bin;C:\\Program Files\\Docker\\Docker\\resources\\bin;C:\\ProgramData\\DockerDesktop\\version-bin;S:\\Program files\\PuTTY;C:\\Program Files\\nodejs;S:\\Downloads\\nvim-win64;S:\\Downloads\\nvim-win64\\Neovim\\bin;C:\\Program Files\\dotnet;C:\\Program Files\\qemu;S:\\youtube-dl;C:\\ProgramData\\chocolatey\\bin;S:\\Downloads\\upx-3.96-win64;S:\\Downloads\\Strings;S:\\Program files\\Matlab\\runtime\\win64;S:\\Program files\\Matlab\\bin;S:\\Program files\\Matlab\\polyspace\\bin;C:\\Users\\Stefan\\AppData\\Local\\Programs\\Python\\Python310\\Scripts;C:\\Users\\Stefan\\AppData\\Local\\Programs\\Python\\Python310;C:\\Users\\Stefan\\.cargo\\bin;C:\\Users\\Stefan\\AppData\\Roaming\\cabal\\bin;C:\\Users\\Stefan\\AppData\\Roaming\\local\\bin;C:\\Users\\Stefan\\AppData\\Local\\Microsoft\\WindowsApps;C:\\Users\\Stefan\\AppData\\Local\\Programs\\Microsoft VS Code\\bin;C:\\TDM-GCC-64\\x86_64-w64-mingw32\\bin;C:\\Users\\Stefan\\AppData\\Local\\GitHubDesktop\\bin;C:\\Users\\Stefan\\.dotnet\\tools;C:\\Users\\Stefan\\AppData\\Roaming\\npm;S:\\Program files\\heroku\\bin')]), 'shell': False}
[24.203000] (fonbot_package) StdoutLine: {'line': b'-- Installing: S:/Dev/fonbot_ws/src/fonbot_package/install/fonbot_package/share/fonbot_package/config\n'}
[24.203000] (-) TimerEvent: {}
[24.219000] (fonbot_package) StdoutLine: {'line': b'-- Installing: S:/Dev/fonbot_ws/src/fonbot_package/install/fonbot_package/share/fonbot_package/config/empty.yaml\n'}
[24.219000] (fonbot_package) StdoutLine: {'line': b'-- Installing: S:/Dev/fonbot_ws/src/fonbot_package/install/fonbot_package/share/fonbot_package/description\n'}
[24.219000] (fonbot_package) StdoutLine: {'line': b'-- Installing: S:/Dev/fonbot_ws/src/fonbot_package/install/fonbot_package/share/fonbot_package/description/robot.urdf.xacro\n'}
[24.219000] (fonbot_package) StdoutLine: {'line': b'-- Installing: S:/Dev/fonbot_ws/src/fonbot_package/install/fonbot_package/share/fonbot_package/description/robot_core.xacro\n'}
[24.219000] (fonbot_package) StdoutLine: {'line': b'-- Installing: S:/Dev/fonbot_ws/src/fonbot_package/install/fonbot_package/share/fonbot_package/launch\n'}
[24.219000] (fonbot_package) StdoutLine: {'line': b'-- Installing: S:/Dev/fonbot_ws/src/fonbot_package/install/fonbot_package/share/fonbot_package/launch/urdf.launch.py\n'}
[24.234000] (fonbot_package) StdoutLine: {'line': b'-- Installing: S:/Dev/fonbot_ws/src/fonbot_package/install/fonbot_package/share/fonbot_package/models\n'}
[24.250000] (fonbot_package) StdoutLine: {'line': b'-- Installing: S:/Dev/fonbot_ws/src/fonbot_package/install/fonbot_package/share/fonbot_package/models/tank-track-asym.dae\n'}
[24.250000] (fonbot_package) StdoutLine: {'line': b'-- Installing: S:/Dev/fonbot_ws/src/fonbot_package/install/fonbot_package/share/fonbot_package/models/tank_tracks.dae\n'}
[24.266000] (fonbot_package) StdoutLine: {'line': b'-- Installing: S:/Dev/fonbot_ws/src/fonbot_package/install/fonbot_package/share/ament_index/resource_index/package_run_dependencies/fonbot_package\n'}
[24.281000] (fonbot_package) StdoutLine: {'line': b'-- Installing: S:/Dev/fonbot_ws/src/fonbot_package/install/fonbot_package/share/ament_index/resource_index/parent_prefix_path/fonbot_package\n'}
[24.281000] (fonbot_package) StdoutLine: {'line': b'-- Installing: S:/Dev/fonbot_ws/src/fonbot_package/install/fonbot_package/share/fonbot_package/environment/ament_prefix_path.bat\n'}
[24.281000] (fonbot_package) StdoutLine: {'line': b'-- Installing: S:/Dev/fonbot_ws/src/fonbot_package/install/fonbot_package/share/fonbot_package/environment/ament_prefix_path.dsv\n'}
[24.281000] (fonbot_package) StdoutLine: {'line': b'-- Installing: S:/Dev/fonbot_ws/src/fonbot_package/install/fonbot_package/share/fonbot_package/environment/path.bat\n'}
[24.281000] (fonbot_package) StdoutLine: {'line': b'-- Installing: S:/Dev/fonbot_ws/src/fonbot_package/install/fonbot_package/share/fonbot_package/environment/path.dsv\n'}
[24.281000] (fonbot_package) StdoutLine: {'line': b'-- Installing: S:/Dev/fonbot_ws/src/fonbot_package/install/fonbot_package/share/fonbot_package/local_setup.bat\n'}
[24.312000] (fonbot_package) StdoutLine: {'line': b'-- Installing: S:/Dev/fonbot_ws/src/fonbot_package/install/fonbot_package/share/fonbot_package/local_setup.dsv\n'}
[24.312000] (-) TimerEvent: {}
[24.312000] (fonbot_package) StdoutLine: {'line': b'-- Installing: S:/Dev/fonbot_ws/src/fonbot_package/install/fonbot_package/share/fonbot_package/package.dsv\n'}
[24.312000] (fonbot_package) StdoutLine: {'line': b'-- Installing: S:/Dev/fonbot_ws/src/fonbot_package/install/fonbot_package/share/ament_index/resource_index/packages/fonbot_package\n'}
[24.312000] (fonbot_package) StdoutLine: {'line': b'-- Installing: S:/Dev/fonbot_ws/src/fonbot_package/install/fonbot_package/share/fonbot_package/cmake/fonbot_packageConfig.cmake\n'}
[24.328000] (fonbot_package) StdoutLine: {'line': b'-- Installing: S:/Dev/fonbot_ws/src/fonbot_package/install/fonbot_package/share/fonbot_package/cmake/fonbot_packageConfig-version.cmake\n'}
[24.328000] (fonbot_package) StdoutLine: {'line': b'-- Installing: S:/Dev/fonbot_ws/src/fonbot_package/install/fonbot_package/share/fonbot_package/package.xml\n'}
[24.328000] (fonbot_package) CommandEnded: {'returncode': 0}
[24.422000] (-) TimerEvent: {}
[24.547000] (-) TimerEvent: {}
[24.578000] (fonbot_package) JobEnded: {'identifier': 'fonbot_package', 'rc': 0}
[24.578000] (-) EventReactorShutdown: {}
