[2.210s] [34mcolcon[0m [1;30mDEBUG[0m [32mCommand line arguments: ['S:\\Dev\\miniforge\\envs\\ros_env\\Scripts\\colcon', 'build', '--packages-select', 'fonbot_package'][0m
[2.210s] [34mcolcon[0m [1;30mDEBUG[0m [32mParsed command line arguments: Namespace(log_base=None, log_level=None, verb_name='build', build_base='build', install_base='install', merge_install=False, symlink_install=False, test_result_base=None, continue_on_error=False, executor='parallel', parallel_workers=8, event_handlers=None, ignore_user_meta=False, metas=['./colcon.meta'], base_paths=['.'], packages_ignore=None, packages_ignore_regex=None, paths=None, packages_up_to=None, packages_up_to_regex=None, packages_above=None, packages_above_and_dependencies=None, packages_above_depth=None, packages_select_by_dep=None, packages_skip_by_dep=None, packages_skip_up_to=None, packages_select_build_failed=False, packages_skip_build_finished=False, packages_select_test_failures=False, packages_skip_test_passed=False, packages_select=['fonbot_package'], packages_skip=None, packages_select_regex=None, packages_skip_regex=None, packages_start=None, packages_end=None, cmake_args=None, cmake_target=None, cmake_target_skip_unavailable=False, cmake_clean_cache=False, cmake_clean_first=False, cmake_force_configure=False, ament_cmake_args=None, catkin_cmake_args=None, catkin_skip_building_tests=False, verb_parser=<colcon_defaults.argument_parser.defaults.DefaultArgumentsDecorator object at 0x0000020C13FBC3A0>, verb_extension=<colcon_core.verb.build.BuildVerb object at 0x0000020C13F5B160>, main=<bound method BuildVerb.main of <colcon_core.verb.build.BuildVerb object at 0x0000020C13F5B160>>)[0m
[2.530s] [34mcolcon.colcon_core.package_discovery[0m [1;30mLevel 1[0m discover_packages(colcon_meta) check parameters
[2.530s] [34mcolcon.colcon_core.package_discovery[0m [1;30mLevel 1[0m discover_packages(recursive) check parameters
[2.530s] [34mcolcon.colcon_core.package_discovery[0m [1;30mLevel 1[0m discover_packages(ignore) check parameters
[2.530s] [34mcolcon.colcon_core.package_discovery[0m [1;30mLevel 1[0m discover_packages(path) check parameters
[2.530s] [34mcolcon.colcon_core.package_discovery[0m [1;30mLevel 1[0m discover_packages(colcon_meta) discover
[2.530s] [34mcolcon.colcon_core.package_discovery[0m [1;30mLevel 1[0m discover_packages(recursive) discover
[2.530s] [34mcolcon.colcon_core.package_discovery[0m [1;30mINFO[0m Crawling recursively for packages in 'S:\Dev\fonbot_ws\src\fonbot_package'
[2.530s] [34mcolcon.colcon_core.package_identification[0m [1;30mLevel 1[0m _identify(.) by extensions ['ignore', 'ignore_ament_install']
[2.530s] [34mcolcon.colcon_core.package_identification[0m [1;30mLevel 1[0m _identify(.) by extension 'ignore'
[2.530s] [34mcolcon.colcon_core.package_identification[0m [1;30mLevel 1[0m _identify(.) by extension 'ignore_ament_install'
[2.530s] [34mcolcon.colcon_core.package_identification[0m [1;30mLevel 1[0m _identify(.) by extensions ['colcon_pkg']
[2.530s] [34mcolcon.colcon_core.package_identification[0m [1;30mLevel 1[0m _identify(.) by extension 'colcon_pkg'
[2.530s] [34mcolcon.colcon_core.package_identification[0m [1;30mLevel 1[0m _identify(.) by extensions ['colcon_meta']
[2.530s] [34mcolcon.colcon_core.package_identification[0m [1;30mLevel 1[0m _identify(.) by extension 'colcon_meta'
[2.530s] [34mcolcon.colcon_core.package_identification[0m [1;30mLevel 1[0m _identify(.) by extensions ['ros']
[2.530s] [34mcolcon.colcon_core.package_identification[0m [1;30mLevel 1[0m _identify(.) by extension 'ros'
[2.620s] [34mcolcon.colcon_core.package_identification[0m [1;30mDEBUG[0m [32mPackage '.' with type 'ros.ament_cmake' and name 'fonbot_package'[0m
[2.620s] [34mcolcon.colcon_core.package_discovery[0m [1;30mLevel 1[0m discover_packages(recursive) using defaults
[2.620s] [34mcolcon.colcon_core.package_discovery[0m [1;30mLevel 1[0m discover_packages(ignore) discover
[2.620s] [34mcolcon.colcon_core.package_discovery[0m [1;30mLevel 1[0m discover_packages(ignore) using defaults
[2.620s] [34mcolcon.colcon_core.package_discovery[0m [1;30mLevel 1[0m discover_packages(path) discover
[2.620s] [34mcolcon.colcon_core.package_discovery[0m [1;30mLevel 1[0m discover_packages(path) using defaults
[2.824s] [34mcolcon.colcon_core.verb[0m [1;30mLevel 5[0m set package 'fonbot_package' build argument 'cmake_args' from command line to 'None'
[2.824s] [34mcolcon.colcon_core.verb[0m [1;30mLevel 5[0m set package 'fonbot_package' build argument 'cmake_target' from command line to 'None'
[2.824s] [34mcolcon.colcon_core.verb[0m [1;30mLevel 5[0m set package 'fonbot_package' build argument 'cmake_target_skip_unavailable' from command line to 'False'
[2.824s] [34mcolcon.colcon_core.verb[0m [1;30mLevel 5[0m set package 'fonbot_package' build argument 'cmake_clean_cache' from command line to 'False'
[2.824s] [34mcolcon.colcon_core.verb[0m [1;30mLevel 5[0m set package 'fonbot_package' build argument 'cmake_clean_first' from command line to 'False'
[2.825s] [34mcolcon.colcon_core.verb[0m [1;30mLevel 5[0m set package 'fonbot_package' build argument 'cmake_force_configure' from command line to 'False'
[2.825s] [34mcolcon.colcon_core.verb[0m [1;30mLevel 5[0m set package 'fonbot_package' build argument 'ament_cmake_args' from command line to 'None'
[2.825s] [34mcolcon.colcon_core.verb[0m [1;30mLevel 5[0m set package 'fonbot_package' build argument 'catkin_cmake_args' from command line to 'None'
[2.825s] [34mcolcon.colcon_core.verb[0m [1;30mLevel 5[0m set package 'fonbot_package' build argument 'catkin_skip_building_tests' from command line to 'False'
[2.825s] [34mcolcon.colcon_core.verb[0m [1;30mDEBUG[0m [32mBuilding package 'fonbot_package' with the following arguments: {'ament_cmake_args': None, 'build_base': 'S:\\Dev\\fonbot_ws\\src\\fonbot_package\\build\\fonbot_package', 'catkin_cmake_args': None, 'catkin_skip_building_tests': False, 'cmake_args': None, 'cmake_clean_cache': False, 'cmake_clean_first': False, 'cmake_force_configure': False, 'cmake_target': None, 'cmake_target_skip_unavailable': False, 'install_base': 'S:\\Dev\\fonbot_ws\\src\\fonbot_package\\install\\fonbot_package', 'merge_install': False, 'path': 'S:\\Dev\\fonbot_ws\\src\\fonbot_package', 'symlink_install': False, 'test_result_base': None}[0m
[2.840s] [34mcolcon.colcon_core.executor[0m [1;30mINFO[0m Executing jobs using 'parallel' executor
[2.936s] [34mcolcon.colcon_parallel_executor.executor.parallel[0m [1;30mDEBUG[0m [32mrun_until_complete[0m
[2.937s] [34mcolcon.colcon_ros.task.ament_cmake.build[0m [1;30mINFO[0m Building ROS package in 'S:\Dev\fonbot_ws\src\fonbot_package' with build type 'ament_cmake'
[2.938s] [34mcolcon.colcon_cmake.task.cmake.build[0m [1;30mINFO[0m Building CMake package in 'S:\Dev\fonbot_ws\src\fonbot_package'
[2.966s] [34mcolcon.colcon_core.plugin_system[0m [1;30mINFO[0m Skipping extension 'colcon_core.shell.sh': Not used on Windows systems
[2.966s] [34mcolcon.colcon_core.shell[0m [1;30mINFO[0m Skip shell extension 'powershell' for command environment: Not usable outside of PowerShell
[3.130s] [34mcolcon.colcon_core.event_handler.log_command[0m [1;30mDEBUG[0m [32mInvoking command in 'S:\Dev\fonbot_ws\src\fonbot_package\build\fonbot_package': CMAKE_PREFIX_PATH=%CMAKE_PREFIX_PATH%;S:\Dev\fonbot_ws\install\joint_state_publisher_gui;S:\Dev\fonbot_ws\install\joint_state_publisher;S:\Dev\miniforge\envs\ros_env\Library CONDA_PROMPT_MODIFIER=(ros_env) S:\Dev\miniforge\envs\ros_env\Library\bin\cmake.EXE S:\Dev\fonbot_ws\src\fonbot_package -DCMAKE_INSTALL_PREFIX=S:\Dev\fonbot_ws\src\fonbot_package\install\fonbot_package -G Visual Studio 17 2022[0m
[25.546s] [34mcolcon.colcon_core.event_handler.log_command[0m [1;30mDEBUG[0m [32mInvoked command in 'S:\Dev\fonbot_ws\src\fonbot_package\build\fonbot_package' returned '0': CMAKE_PREFIX_PATH=%CMAKE_PREFIX_PATH%;S:\Dev\fonbot_ws\install\joint_state_publisher_gui;S:\Dev\fonbot_ws\install\joint_state_publisher;S:\Dev\miniforge\envs\ros_env\Library CONDA_PROMPT_MODIFIER=(ros_env) S:\Dev\miniforge\envs\ros_env\Library\bin\cmake.EXE S:\Dev\fonbot_ws\src\fonbot_package -DCMAKE_INSTALL_PREFIX=S:\Dev\fonbot_ws\src\fonbot_package\install\fonbot_package -G Visual Studio 17 2022[0m
[25.551s] [34mcolcon.colcon_core.event_handler.log_command[0m [1;30mDEBUG[0m [32mInvoking command in 'S:\Dev\fonbot_ws\src\fonbot_package\build\fonbot_package': CL=/MP CMAKE_PREFIX_PATH=%CMAKE_PREFIX_PATH%;S:\Dev\fonbot_ws\install\joint_state_publisher_gui;S:\Dev\fonbot_ws\install\joint_state_publisher;S:\Dev\miniforge\envs\ros_env\Library CONDA_PROMPT_MODIFIER=(ros_env) S:\Dev\miniforge\envs\ros_env\Library\bin\cmake.EXE --build S:\Dev\fonbot_ws\src\fonbot_package\build\fonbot_package --config Release[0m
[27.021s] [34mcolcon.colcon_core.event_handler.log_command[0m [1;30mDEBUG[0m [32mInvoked command in 'S:\Dev\fonbot_ws\src\fonbot_package\build\fonbot_package' returned '0': CL=/MP CMAKE_PREFIX_PATH=%CMAKE_PREFIX_PATH%;S:\Dev\fonbot_ws\install\joint_state_publisher_gui;S:\Dev\fonbot_ws\install\joint_state_publisher;S:\Dev\miniforge\envs\ros_env\Library CONDA_PROMPT_MODIFIER=(ros_env) S:\Dev\miniforge\envs\ros_env\Library\bin\cmake.EXE --build S:\Dev\fonbot_ws\src\fonbot_package\build\fonbot_package --config Release[0m
[27.071s] [34mcolcon.colcon_core.event_handler.log_command[0m [1;30mDEBUG[0m [32mInvoking command in 'S:\Dev\fonbot_ws\src\fonbot_package\build\fonbot_package': CMAKE_PREFIX_PATH=%CMAKE_PREFIX_PATH%;S:\Dev\fonbot_ws\install\joint_state_publisher_gui;S:\Dev\fonbot_ws\install\joint_state_publisher;S:\Dev\miniforge\envs\ros_env\Library CONDA_PROMPT_MODIFIER=(ros_env) S:\Dev\miniforge\envs\ros_env\Library\bin\cmake.EXE --install S:\Dev\fonbot_ws\src\fonbot_package\build\fonbot_package --config Release[0m
[27.261s] [34mcolcon.colcon_core.environment[0m [1;30mLevel 1[0m create_environment_scripts_only(fonbot_package)
[27.271s] [34mcolcon.colcon_core.event_handler.log_command[0m [1;30mDEBUG[0m [32mInvoked command in 'S:\Dev\fonbot_ws\src\fonbot_package\build\fonbot_package' returned '0': CMAKE_PREFIX_PATH=%CMAKE_PREFIX_PATH%;S:\Dev\fonbot_ws\install\joint_state_publisher_gui;S:\Dev\fonbot_ws\install\joint_state_publisher;S:\Dev\miniforge\envs\ros_env\Library CONDA_PROMPT_MODIFIER=(ros_env) S:\Dev\miniforge\envs\ros_env\Library\bin\cmake.EXE --install S:\Dev\fonbot_ws\src\fonbot_package\build\fonbot_package --config Release[0m
[27.321s] [34mcolcon.colcon_core.environment[0m [1;30mLevel 1[0m checking 'S:\Dev\fonbot_ws\src\fonbot_package\install\fonbot_package' for CMake module files
[27.331s] [34mcolcon.colcon_core.environment[0m [1;30mLevel 1[0m checking 'S:\Dev\fonbot_ws\src\fonbot_package\install\fonbot_package' for CMake config files
[27.331s] [34mcolcon.colcon_core.shell[0m [1;30mLevel 1[0m create_environment_hook('fonbot_package', 'cmake_prefix_path')
[27.341s] [34mcolcon.colcon_core.shell[0m [1;30mINFO[0m Creating environment hook 'S:\Dev\fonbot_ws\src\fonbot_package\install\fonbot_package\share\fonbot_package\hook\cmake_prefix_path.ps1'
[27.351s] [34mcolcon.colcon_core.shell[0m [1;30mINFO[0m Creating environment hook 'S:\Dev\fonbot_ws\src\fonbot_package\install\fonbot_package\share\fonbot_package\hook\cmake_prefix_path.bat'
[27.351s] [34mcolcon.colcon_core.shell[0m [1;30mINFO[0m Creating environment descriptor 'S:\Dev\fonbot_ws\src\fonbot_package\install\fonbot_package\share\fonbot_package\hook\cmake_prefix_path.dsv'
[27.358s] [34mcolcon.colcon_core.environment[0m [1;30mLevel 1[0m checking 'S:\Dev\fonbot_ws\src\fonbot_package\install\fonbot_package\bin'
[27.361s] [34mcolcon.colcon_core.environment[0m [1;30mLevel 1[0m checking 'S:\Dev\fonbot_ws\src\fonbot_package\install\fonbot_package\bin'
[27.361s] [34mcolcon.colcon_core.environment[0m [1;30mLevel 1[0m checking 'S:\Dev\fonbot_ws\src\fonbot_package\install\fonbot_package\lib\pkgconfig\fonbot_package.pc'
[27.361s] [34mcolcon.colcon_core.environment[0m [1;30mLevel 1[0m checking 'S:\Dev\fonbot_ws\src\fonbot_package\install\fonbot_package\Lib\site-packages'
[27.361s] [34mcolcon.colcon_core.environment[0m [1;30mLevel 1[0m checking 'S:\Dev\fonbot_ws\src\fonbot_package\install\fonbot_package\Scripts'
[27.371s] [34mcolcon.colcon_core.shell[0m [1;30mINFO[0m Creating package script 'S:\Dev\fonbot_ws\src\fonbot_package\install\fonbot_package\share\fonbot_package\package.ps1'
[27.381s] [34mcolcon.colcon_core.shell[0m [1;30mINFO[0m Creating package script 'S:\Dev\fonbot_ws\src\fonbot_package\install\fonbot_package\share\fonbot_package\package.bat'
[27.381s] [34mcolcon.colcon_core.shell[0m [1;30mINFO[0m Creating package descriptor 'S:\Dev\fonbot_ws\src\fonbot_package\install\fonbot_package\share\fonbot_package\package.dsv'
[27.391s] [34mcolcon.colcon_core.environment[0m [1;30mLevel 1[0m create_file_with_runtime_dependencies(S:\Dev\fonbot_ws\src\fonbot_package\install\fonbot_package\share\colcon-core\packages\fonbot_package)
[27.411s] [34mcolcon.colcon_core.environment[0m [1;30mLevel 1[0m create_environment_scripts_only(fonbot_package)
[27.441s] [34mcolcon.colcon_core.environment[0m [1;30mLevel 1[0m checking 'S:\Dev\fonbot_ws\src\fonbot_package\install\fonbot_package' for CMake module files
[27.451s] [34mcolcon.colcon_core.environment[0m [1;30mLevel 1[0m checking 'S:\Dev\fonbot_ws\src\fonbot_package\install\fonbot_package' for CMake config files
[27.451s] [34mcolcon.colcon_core.shell[0m [1;30mLevel 1[0m create_environment_hook('fonbot_package', 'cmake_prefix_path')
[27.466s] [34mcolcon.colcon_core.shell[0m [1;30mINFO[0m Creating environment hook 'S:\Dev\fonbot_ws\src\fonbot_package\install\fonbot_package\share\fonbot_package\hook\cmake_prefix_path.ps1'
[27.471s] [34mcolcon.colcon_core.shell[0m [1;30mINFO[0m Creating environment hook 'S:\Dev\fonbot_ws\src\fonbot_package\install\fonbot_package\share\fonbot_package\hook\cmake_prefix_path.bat'
[27.471s] [34mcolcon.colcon_core.shell[0m [1;30mINFO[0m Creating environment descriptor 'S:\Dev\fonbot_ws\src\fonbot_package\install\fonbot_package\share\fonbot_package\hook\cmake_prefix_path.dsv'
[27.476s] [34mcolcon.colcon_core.environment[0m [1;30mLevel 1[0m checking 'S:\Dev\fonbot_ws\src\fonbot_package\install\fonbot_package\bin'
[27.476s] [34mcolcon.colcon_core.environment[0m [1;30mLevel 1[0m checking 'S:\Dev\fonbot_ws\src\fonbot_package\install\fonbot_package\bin'
[27.476s] [34mcolcon.colcon_core.environment[0m [1;30mLevel 1[0m checking 'S:\Dev\fonbot_ws\src\fonbot_package\install\fonbot_package\lib\pkgconfig\fonbot_package.pc'
[27.476s] [34mcolcon.colcon_core.environment[0m [1;30mLevel 1[0m checking 'S:\Dev\fonbot_ws\src\fonbot_package\install\fonbot_package\Lib\site-packages'
[27.476s] [34mcolcon.colcon_core.environment[0m [1;30mLevel 1[0m checking 'S:\Dev\fonbot_ws\src\fonbot_package\install\fonbot_package\Scripts'
[27.496s] [34mcolcon.colcon_core.shell[0m [1;30mINFO[0m Creating package script 'S:\Dev\fonbot_ws\src\fonbot_package\install\fonbot_package\share\fonbot_package\package.ps1'
[27.496s] [34mcolcon.colcon_core.shell[0m [1;30mINFO[0m Creating package script 'S:\Dev\fonbot_ws\src\fonbot_package\install\fonbot_package\share\fonbot_package\package.bat'
[27.501s] [34mcolcon.colcon_core.shell[0m [1;30mINFO[0m Creating package descriptor 'S:\Dev\fonbot_ws\src\fonbot_package\install\fonbot_package\share\fonbot_package\package.dsv'
[27.501s] [34mcolcon.colcon_core.environment[0m [1;30mLevel 1[0m create_file_with_runtime_dependencies(S:\Dev\fonbot_ws\src\fonbot_package\install\fonbot_package\share\colcon-core\packages\fonbot_package)
[27.501s] [34mcolcon.colcon_parallel_executor.executor.parallel[0m [1;30mDEBUG[0m [32mrun_until_complete finished with '0'[0m
[27.501s] [34mcolcon.colcon_core.event_reactor[0m [1;30mDEBUG[0m [32mjoining thread[0m
[27.541s] [34mcolcon.colcon_core.plugin_system[0m [1;30mINFO[0m Skipping extension 'colcon_notification.desktop_notification.notify2': 'notify2' not found
[27.541s] [34mcolcon.colcon_core.plugin_system[0m [1;30mINFO[0m Skipping extension 'colcon_notification.desktop_notification.notify_send': Not used on non-Linux systems
[27.541s] [34mcolcon.colcon_core.plugin_system[0m [1;30mINFO[0m Skipping extension 'colcon_notification.desktop_notification.terminal_notifier': Not used on non-Darwin systems
[27.541s] [34mcolcon.colcon_notification.desktop_notification[0m [1;30mINFO[0m Sending desktop notification using 'win32'
[32.643s] [34mcolcon.colcon_core.event_reactor[0m [1;30mDEBUG[0m [32mjoined thread[0m
[32.661s] [34mcolcon.colcon_core.shell[0m [1;30mINFO[0m Creating prefix script 'S:\Dev\fonbot_ws\src\fonbot_package\install\local_setup.ps1'
[32.661s] [34mcolcon.colcon_core.shell[0m [1;30mINFO[0m Creating prefix util module 'S:\Dev\fonbot_ws\src\fonbot_package\install\_local_setup_util_ps1.py'
[32.671s] [34mcolcon.colcon_core.shell[0m [1;30mINFO[0m Creating prefix chain script 'S:\Dev\fonbot_ws\src\fonbot_package\install\setup.ps1'
[32.701s] [34mcolcon.colcon_core.shell[0m [1;30mINFO[0m Creating prefix script 'S:\Dev\fonbot_ws\src\fonbot_package\install\local_setup.bat'
[32.711s] [34mcolcon.colcon_core.shell[0m [1;30mINFO[0m Creating prefix util module 'S:\Dev\fonbot_ws\src\fonbot_package\install\_local_setup_util_bat.py'
[32.711s] [34mcolcon.colcon_core.shell[0m [1;30mINFO[0m Creating prefix chain script 'S:\Dev\fonbot_ws\src\fonbot_package\install\setup.bat'
