[2.265s] [34mcolcon[0m [1;30mDEBUG[0m [32mCommand line arguments: ['S:\\Dev\\miniforge\\envs\\ros_env\\Scripts\\colcon', 'build', '--packages-select', 'fonbot_package'][0m
[2.270s] [34mcolcon[0m [1;30mDEBUG[0m [32mParsed command line arguments: Namespace(log_base=None, log_level=None, verb_name='build', build_base='build', install_base='install', merge_install=False, symlink_install=False, test_result_base=None, continue_on_error=False, executor='parallel', parallel_workers=8, event_handlers=None, ignore_user_meta=False, metas=['./colcon.meta'], base_paths=['.'], packages_ignore=None, packages_ignore_regex=None, paths=None, packages_up_to=None, packages_up_to_regex=None, packages_above=None, packages_above_and_dependencies=None, packages_above_depth=None, packages_select_by_dep=None, packages_skip_by_dep=None, packages_skip_up_to=None, packages_select_build_failed=False, packages_skip_build_finished=False, packages_select_test_failures=False, packages_skip_test_passed=False, packages_select=['fonbot_package'], packages_skip=None, packages_select_regex=None, packages_skip_regex=None, packages_start=None, packages_end=None, cmake_args=None, cmake_target=None, cmake_target_skip_unavailable=False, cmake_clean_cache=False, cmake_clean_first=False, cmake_force_configure=False, ament_cmake_args=None, catkin_cmake_args=None, catkin_skip_building_tests=False, verb_parser=<colcon_defaults.argument_parser.defaults.DefaultArgumentsDecorator object at 0x0000027473324190>, verb_extension=<colcon_core.verb.build.BuildVerb object at 0x00000274732BAF80>, main=<bound method BuildVerb.main of <colcon_core.verb.build.BuildVerb object at 0x00000274732BAF80>>)[0m
[2.605s] [34mcolcon.colcon_core.package_discovery[0m [1;30mLevel 1[0m discover_packages(colcon_meta) check parameters
[2.605s] [34mcolcon.colcon_core.package_discovery[0m [1;30mLevel 1[0m discover_packages(recursive) check parameters
[2.605s] [34mcolcon.colcon_core.package_discovery[0m [1;30mLevel 1[0m discover_packages(ignore) check parameters
[2.610s] [34mcolcon.colcon_core.package_discovery[0m [1;30mLevel 1[0m discover_packages(path) check parameters
[2.610s] [34mcolcon.colcon_core.package_discovery[0m [1;30mLevel 1[0m discover_packages(colcon_meta) discover
[2.610s] [34mcolcon.colcon_core.package_discovery[0m [1;30mLevel 1[0m discover_packages(recursive) discover
[2.610s] [34mcolcon.colcon_core.package_discovery[0m [1;30mINFO[0m Crawling recursively for packages in 'S:\Dev\fonbot_ws\src\fonbot_package'
[2.610s] [34mcolcon.colcon_core.package_identification[0m [1;30mLevel 1[0m _identify(.) by extensions ['ignore', 'ignore_ament_install']
[2.610s] [34mcolcon.colcon_core.package_identification[0m [1;30mLevel 1[0m _identify(.) by extension 'ignore'
[2.610s] [34mcolcon.colcon_core.package_identification[0m [1;30mLevel 1[0m _identify(.) by extension 'ignore_ament_install'
[2.610s] [34mcolcon.colcon_core.package_identification[0m [1;30mLevel 1[0m _identify(.) by extensions ['colcon_pkg']
[2.610s] [34mcolcon.colcon_core.package_identification[0m [1;30mLevel 1[0m _identify(.) by extension 'colcon_pkg'
[2.610s] [34mcolcon.colcon_core.package_identification[0m [1;30mLevel 1[0m _identify(.) by extensions ['colcon_meta']
[2.610s] [34mcolcon.colcon_core.package_identification[0m [1;30mLevel 1[0m _identify(.) by extension 'colcon_meta'
[2.610s] [34mcolcon.colcon_core.package_identification[0m [1;30mLevel 1[0m _identify(.) by extensions ['ros']
[2.610s] [34mcolcon.colcon_core.package_identification[0m [1;30mLevel 1[0m _identify(.) by extension 'ros'
[2.700s] [34mcolcon.colcon_core.package_identification[0m [1;30mDEBUG[0m [32mPackage '.' with type 'ros.ament_cmake' and name 'fonbot_package'[0m
[2.700s] [34mcolcon.colcon_core.package_discovery[0m [1;30mLevel 1[0m discover_packages(recursive) using defaults
[2.700s] [34mcolcon.colcon_core.package_discovery[0m [1;30mLevel 1[0m discover_packages(ignore) discover
[2.700s] [34mcolcon.colcon_core.package_discovery[0m [1;30mLevel 1[0m discover_packages(ignore) using defaults
[2.700s] [34mcolcon.colcon_core.package_discovery[0m [1;30mLevel 1[0m discover_packages(path) discover
[2.700s] [34mcolcon.colcon_core.package_discovery[0m [1;30mLevel 1[0m discover_packages(path) using defaults
[2.915s] [34mcolcon.colcon_core.verb[0m [1;30mLevel 5[0m set package 'fonbot_package' build argument 'cmake_args' from command line to 'None'
[2.915s] [34mcolcon.colcon_core.verb[0m [1;30mLevel 5[0m set package 'fonbot_package' build argument 'cmake_target' from command line to 'None'
[2.915s] [34mcolcon.colcon_core.verb[0m [1;30mLevel 5[0m set package 'fonbot_package' build argument 'cmake_target_skip_unavailable' from command line to 'False'
[2.915s] [34mcolcon.colcon_core.verb[0m [1;30mLevel 5[0m set package 'fonbot_package' build argument 'cmake_clean_cache' from command line to 'False'
[2.915s] [34mcolcon.colcon_core.verb[0m [1;30mLevel 5[0m set package 'fonbot_package' build argument 'cmake_clean_first' from command line to 'False'
[2.915s] [34mcolcon.colcon_core.verb[0m [1;30mLevel 5[0m set package 'fonbot_package' build argument 'cmake_force_configure' from command line to 'False'
[2.916s] [34mcolcon.colcon_core.verb[0m [1;30mLevel 5[0m set package 'fonbot_package' build argument 'ament_cmake_args' from command line to 'None'
[2.916s] [34mcolcon.colcon_core.verb[0m [1;30mLevel 5[0m set package 'fonbot_package' build argument 'catkin_cmake_args' from command line to 'None'
[2.916s] [34mcolcon.colcon_core.verb[0m [1;30mLevel 5[0m set package 'fonbot_package' build argument 'catkin_skip_building_tests' from command line to 'False'
[2.916s] [34mcolcon.colcon_core.verb[0m [1;30mDEBUG[0m [32mBuilding package 'fonbot_package' with the following arguments: {'ament_cmake_args': None, 'build_base': 'S:\\Dev\\fonbot_ws\\src\\fonbot_package\\build\\fonbot_package', 'catkin_cmake_args': None, 'catkin_skip_building_tests': False, 'cmake_args': None, 'cmake_clean_cache': False, 'cmake_clean_first': False, 'cmake_force_configure': False, 'cmake_target': None, 'cmake_target_skip_unavailable': False, 'install_base': 'S:\\Dev\\fonbot_ws\\src\\fonbot_package\\install\\fonbot_package', 'merge_install': False, 'path': 'S:\\Dev\\fonbot_ws\\src\\fonbot_package', 'symlink_install': False, 'test_result_base': None}[0m
[2.926s] [34mcolcon.colcon_core.executor[0m [1;30mINFO[0m Executing jobs using 'parallel' executor
[2.994s] [34mcolcon.colcon_parallel_executor.executor.parallel[0m [1;30mDEBUG[0m [32mrun_until_complete[0m
[2.995s] [34mcolcon.colcon_ros.task.ament_cmake.build[0m [1;30mINFO[0m Building ROS package in 'S:\Dev\fonbot_ws\src\fonbot_package' with build type 'ament_cmake'
[2.995s] [34mcolcon.colcon_cmake.task.cmake.build[0m [1;30mINFO[0m Building CMake package in 'S:\Dev\fonbot_ws\src\fonbot_package'
[3.021s] [34mcolcon.colcon_core.plugin_system[0m [1;30mINFO[0m Skipping extension 'colcon_core.shell.sh': Not used on Windows systems
[3.021s] [34mcolcon.colcon_core.shell[0m [1;30mINFO[0m Skip shell extension 'powershell' for command environment: Not usable outside of PowerShell
[3.170s] [34mcolcon.colcon_core.event_handler.log_command[0m [1;30mDEBUG[0m [32mInvoking command in 'S:\Dev\fonbot_ws\src\fonbot_package\build\fonbot_package': CMAKE_PREFIX_PATH=%CMAKE_PREFIX_PATH%;S:\Dev\fonbot_ws\install\joint_state_publisher_gui;S:\Dev\fonbot_ws\install\joint_state_publisher;S:\Dev\miniforge\envs\ros_env\Library CONDA_PROMPT_MODIFIER=(ros_env) S:\Dev\miniforge\envs\ros_env\Library\bin\cmake.EXE S:\Dev\fonbot_ws\src\fonbot_package -DCMAKE_INSTALL_PREFIX=S:\Dev\fonbot_ws\src\fonbot_package\install\fonbot_package[0m
[5.330s] [34mcolcon.colcon_core.event_handler.log_command[0m [1;30mDEBUG[0m [32mInvoked command in 'S:\Dev\fonbot_ws\src\fonbot_package\build\fonbot_package' returned '0': CMAKE_PREFIX_PATH=%CMAKE_PREFIX_PATH%;S:\Dev\fonbot_ws\install\joint_state_publisher_gui;S:\Dev\fonbot_ws\install\joint_state_publisher;S:\Dev\miniforge\envs\ros_env\Library CONDA_PROMPT_MODIFIER=(ros_env) S:\Dev\miniforge\envs\ros_env\Library\bin\cmake.EXE S:\Dev\fonbot_ws\src\fonbot_package -DCMAKE_INSTALL_PREFIX=S:\Dev\fonbot_ws\src\fonbot_package\install\fonbot_package[0m
[5.340s] [34mcolcon.colcon_core.event_handler.log_command[0m [1;30mDEBUG[0m [32mInvoking command in 'S:\Dev\fonbot_ws\src\fonbot_package\build\fonbot_package': CL=/MP CMAKE_PREFIX_PATH=%CMAKE_PREFIX_PATH%;S:\Dev\fonbot_ws\install\joint_state_publisher_gui;S:\Dev\fonbot_ws\install\joint_state_publisher;S:\Dev\miniforge\envs\ros_env\Library CONDA_PROMPT_MODIFIER=(ros_env) S:\Dev\miniforge\envs\ros_env\Library\bin\cmake.EXE --build S:\Dev\fonbot_ws\src\fonbot_package\build\fonbot_package --config Release[0m
[6.880s] [34mcolcon.colcon_core.event_handler.log_command[0m [1;30mDEBUG[0m [32mInvoked command in 'S:\Dev\fonbot_ws\src\fonbot_package\build\fonbot_package' returned '0': CL=/MP CMAKE_PREFIX_PATH=%CMAKE_PREFIX_PATH%;S:\Dev\fonbot_ws\install\joint_state_publisher_gui;S:\Dev\fonbot_ws\install\joint_state_publisher;S:\Dev\miniforge\envs\ros_env\Library CONDA_PROMPT_MODIFIER=(ros_env) S:\Dev\miniforge\envs\ros_env\Library\bin\cmake.EXE --build S:\Dev\fonbot_ws\src\fonbot_package\build\fonbot_package --config Release[0m
[6.942s] [34mcolcon.colcon_core.event_handler.log_command[0m [1;30mDEBUG[0m [32mInvoking command in 'S:\Dev\fonbot_ws\src\fonbot_package\build\fonbot_package': CMAKE_PREFIX_PATH=%CMAKE_PREFIX_PATH%;S:\Dev\fonbot_ws\install\joint_state_publisher_gui;S:\Dev\fonbot_ws\install\joint_state_publisher;S:\Dev\miniforge\envs\ros_env\Library CONDA_PROMPT_MODIFIER=(ros_env) S:\Dev\miniforge\envs\ros_env\Library\bin\cmake.EXE --install S:\Dev\fonbot_ws\src\fonbot_package\build\fonbot_package --config Release[0m
[7.120s] [34mcolcon.colcon_core.environment[0m [1;30mLevel 1[0m create_environment_scripts_only(fonbot_package)
[7.120s] [34mcolcon.colcon_core.event_handler.log_command[0m [1;30mDEBUG[0m [32mInvoked command in 'S:\Dev\fonbot_ws\src\fonbot_package\build\fonbot_package' returned '0': CMAKE_PREFIX_PATH=%CMAKE_PREFIX_PATH%;S:\Dev\fonbot_ws\install\joint_state_publisher_gui;S:\Dev\fonbot_ws\install\joint_state_publisher;S:\Dev\miniforge\envs\ros_env\Library CONDA_PROMPT_MODIFIER=(ros_env) S:\Dev\miniforge\envs\ros_env\Library\bin\cmake.EXE --install S:\Dev\fonbot_ws\src\fonbot_package\build\fonbot_package --config Release[0m
[7.175s] [34mcolcon.colcon_core.environment[0m [1;30mLevel 1[0m checking 'S:\Dev\fonbot_ws\src\fonbot_package\install\fonbot_package' for CMake module files
[7.180s] [34mcolcon.colcon_core.environment[0m [1;30mLevel 1[0m checking 'S:\Dev\fonbot_ws\src\fonbot_package\install\fonbot_package' for CMake config files
[7.180s] [34mcolcon.colcon_core.shell[0m [1;30mLevel 1[0m create_environment_hook('fonbot_package', 'cmake_prefix_path')
[7.203s] [34mcolcon.colcon_core.shell[0m [1;30mINFO[0m Creating environment hook 'S:\Dev\fonbot_ws\src\fonbot_package\install\fonbot_package\share\fonbot_package\hook\cmake_prefix_path.ps1'
[7.206s] [34mcolcon.colcon_core.shell[0m [1;30mINFO[0m Creating environment hook 'S:\Dev\fonbot_ws\src\fonbot_package\install\fonbot_package\share\fonbot_package\hook\cmake_prefix_path.bat'
[7.210s] [34mcolcon.colcon_core.shell[0m [1;30mINFO[0m Creating environment descriptor 'S:\Dev\fonbot_ws\src\fonbot_package\install\fonbot_package\share\fonbot_package\hook\cmake_prefix_path.dsv'
[7.210s] [34mcolcon.colcon_core.environment[0m [1;30mLevel 1[0m checking 'S:\Dev\fonbot_ws\src\fonbot_package\install\fonbot_package\bin'
[7.210s] [34mcolcon.colcon_core.environment[0m [1;30mLevel 1[0m checking 'S:\Dev\fonbot_ws\src\fonbot_package\install\fonbot_package\bin'
[7.210s] [34mcolcon.colcon_core.environment[0m [1;30mLevel 1[0m checking 'S:\Dev\fonbot_ws\src\fonbot_package\install\fonbot_package\lib\pkgconfig\fonbot_package.pc'
[7.210s] [34mcolcon.colcon_core.environment[0m [1;30mLevel 1[0m checking 'S:\Dev\fonbot_ws\src\fonbot_package\install\fonbot_package\Lib\site-packages'
[7.210s] [34mcolcon.colcon_core.environment[0m [1;30mLevel 1[0m checking 'S:\Dev\fonbot_ws\src\fonbot_package\install\fonbot_package\Scripts'
[7.230s] [34mcolcon.colcon_core.shell[0m [1;30mINFO[0m Creating package script 'S:\Dev\fonbot_ws\src\fonbot_package\install\fonbot_package\share\fonbot_package\package.ps1'
[7.240s] [34mcolcon.colcon_core.shell[0m [1;30mINFO[0m Creating package script 'S:\Dev\fonbot_ws\src\fonbot_package\install\fonbot_package\share\fonbot_package\package.bat'
[7.243s] [34mcolcon.colcon_core.shell[0m [1;30mINFO[0m Creating package descriptor 'S:\Dev\fonbot_ws\src\fonbot_package\install\fonbot_package\share\fonbot_package\package.dsv'
[7.250s] [34mcolcon.colcon_core.environment[0m [1;30mLevel 1[0m create_file_with_runtime_dependencies(S:\Dev\fonbot_ws\src\fonbot_package\install\fonbot_package\share\colcon-core\packages\fonbot_package)
[7.275s] [34mcolcon.colcon_core.environment[0m [1;30mLevel 1[0m create_environment_scripts_only(fonbot_package)
[7.314s] [34mcolcon.colcon_core.environment[0m [1;30mLevel 1[0m checking 'S:\Dev\fonbot_ws\src\fonbot_package\install\fonbot_package' for CMake module files
[7.314s] [34mcolcon.colcon_core.environment[0m [1;30mLevel 1[0m checking 'S:\Dev\fonbot_ws\src\fonbot_package\install\fonbot_package' for CMake config files
[7.320s] [34mcolcon.colcon_core.shell[0m [1;30mLevel 1[0m create_environment_hook('fonbot_package', 'cmake_prefix_path')
[7.335s] [34mcolcon.colcon_core.shell[0m [1;30mINFO[0m Creating environment hook 'S:\Dev\fonbot_ws\src\fonbot_package\install\fonbot_package\share\fonbot_package\hook\cmake_prefix_path.ps1'
[7.340s] [34mcolcon.colcon_core.shell[0m [1;30mINFO[0m Creating environment hook 'S:\Dev\fonbot_ws\src\fonbot_package\install\fonbot_package\share\fonbot_package\hook\cmake_prefix_path.bat'
[7.340s] [34mcolcon.colcon_core.shell[0m [1;30mINFO[0m Creating environment descriptor 'S:\Dev\fonbot_ws\src\fonbot_package\install\fonbot_package\share\fonbot_package\hook\cmake_prefix_path.dsv'
[7.343s] [34mcolcon.colcon_core.environment[0m [1;30mLevel 1[0m checking 'S:\Dev\fonbot_ws\src\fonbot_package\install\fonbot_package\bin'
[7.343s] [34mcolcon.colcon_core.environment[0m [1;30mLevel 1[0m checking 'S:\Dev\fonbot_ws\src\fonbot_package\install\fonbot_package\bin'
[7.343s] [34mcolcon.colcon_core.environment[0m [1;30mLevel 1[0m checking 'S:\Dev\fonbot_ws\src\fonbot_package\install\fonbot_package\lib\pkgconfig\fonbot_package.pc'
[7.343s] [34mcolcon.colcon_core.environment[0m [1;30mLevel 1[0m checking 'S:\Dev\fonbot_ws\src\fonbot_package\install\fonbot_package\Lib\site-packages'
[7.343s] [34mcolcon.colcon_core.environment[0m [1;30mLevel 1[0m checking 'S:\Dev\fonbot_ws\src\fonbot_package\install\fonbot_package\Scripts'
[7.361s] [34mcolcon.colcon_core.shell[0m [1;30mINFO[0m Creating package script 'S:\Dev\fonbot_ws\src\fonbot_package\install\fonbot_package\share\fonbot_package\package.ps1'
[7.361s] [34mcolcon.colcon_core.shell[0m [1;30mINFO[0m Creating package script 'S:\Dev\fonbot_ws\src\fonbot_package\install\fonbot_package\share\fonbot_package\package.bat'
[7.361s] [34mcolcon.colcon_core.shell[0m [1;30mINFO[0m Creating package descriptor 'S:\Dev\fonbot_ws\src\fonbot_package\install\fonbot_package\share\fonbot_package\package.dsv'
[7.361s] [34mcolcon.colcon_core.environment[0m [1;30mLevel 1[0m create_file_with_runtime_dependencies(S:\Dev\fonbot_ws\src\fonbot_package\install\fonbot_package\share\colcon-core\packages\fonbot_package)
[7.370s] [34mcolcon.colcon_parallel_executor.executor.parallel[0m [1;30mDEBUG[0m [32mrun_until_complete finished with '0'[0m
[7.370s] [34mcolcon.colcon_core.event_reactor[0m [1;30mDEBUG[0m [32mjoining thread[0m
[7.400s] [34mcolcon.colcon_core.plugin_system[0m [1;30mINFO[0m Skipping extension 'colcon_notification.desktop_notification.notify2': 'notify2' not found
[7.400s] [34mcolcon.colcon_core.plugin_system[0m [1;30mINFO[0m Skipping extension 'colcon_notification.desktop_notification.notify_send': Not used on non-Linux systems
[7.400s] [34mcolcon.colcon_core.plugin_system[0m [1;30mINFO[0m Skipping extension 'colcon_notification.desktop_notification.terminal_notifier': Not used on non-Darwin systems
[7.400s] [34mcolcon.colcon_notification.desktop_notification[0m [1;30mINFO[0m Sending desktop notification using 'win32'
[12.497s] [34mcolcon.colcon_core.event_reactor[0m [1;30mDEBUG[0m [32mjoined thread[0m
[12.510s] [34mcolcon.colcon_core.shell[0m [1;30mINFO[0m Creating prefix script 'S:\Dev\fonbot_ws\src\fonbot_package\install\local_setup.ps1'
[12.521s] [34mcolcon.colcon_core.shell[0m [1;30mINFO[0m Creating prefix util module 'S:\Dev\fonbot_ws\src\fonbot_package\install\_local_setup_util_ps1.py'
[12.521s] [34mcolcon.colcon_core.shell[0m [1;30mINFO[0m Creating prefix chain script 'S:\Dev\fonbot_ws\src\fonbot_package\install\setup.ps1'
[12.550s] [34mcolcon.colcon_core.shell[0m [1;30mINFO[0m Creating prefix script 'S:\Dev\fonbot_ws\src\fonbot_package\install\local_setup.bat'
[12.550s] [34mcolcon.colcon_core.shell[0m [1;30mINFO[0m Creating prefix util module 'S:\Dev\fonbot_ws\src\fonbot_package\install\_local_setup_util_bat.py'
[12.550s] [34mcolcon.colcon_core.shell[0m [1;30mINFO[0m Creating prefix chain script 'S:\Dev\fonbot_ws\src\fonbot_package\install\setup.bat'
